GET /api/v1/settings
Traceback (most recent call last):
  File "C:\Users\Avinash K\Documents\Projects\StartupPilot AI\backend\api\exception_middleware.py", line 11, in dispatch
    return await call_next(request)
           ^^^^^^^^^^^^^^^^^^^^^^^^
  File "C:\Users\Avinash K\Documents\Projects\StartupPilot AI\backend\venv\Lib\site-packages\starlette\middleware\base.py", line 168, in call_next
    raise app_exc from app_exc.__cause__ or app_exc.__context__
  File "C:\Users\Avinash K\Documents\Projects\StartupPilot AI\backend\venv\Lib\site-packages\starlette\middleware\base.py", line 144, in coro
    await self.app(scope, receive_or_disconnect, send_no_error)
  File "C:\Users\Avinash K\Documents\Projects\StartupPilot AI\backend\venv\Lib\site-packages\starlette\middleware\exceptions.py", line 63, in __call__
    await wrap_app_handling_exceptions(self.app, conn)(scope, receive, send)
  File "C:\Users\Avinash K\Documents\Projects\StartupPilot AI\backend\venv\Lib\site-packages\starlette\_exception_handler.py", line 53, in wrapped_app
    raise exc
  File "C:\Users\Avinash K\Documents\Projects\StartupPilot AI\backend\venv\Lib\site-packages\starlette\_exception_handler.py", line 42, in wrapped_app
    await app(scope, receive, sender)
  File "C:\Users\Avinash K\Documents\Projects\StartupPilot AI\backend\venv\Lib\site-packages\fastapi\middleware\asyncexitstack.py", line 18, in __call__
    await self.app(scope, receive, send)
  File "C:\Users\Avinash K\Documents\Projects\StartupPilot AI\backend\venv\Lib\site-packages\starlette\routing.py", line 660, in __call__
    await self.middleware_stack(scope, receive, send)
  File "C:\Users\Avinash K\Documents\Projects\StartupPilot AI\backend\venv\Lib\site-packages\fastapi\routing.py", line 2531, in app
    await route.handle(scope, receive, send)
  File "C:\Users\Avinash K\Documents\Projects\StartupPilot AI\backend\venv\Lib\site-packages\fastapi\routing.py", line 1700, in handle
    await self.original_router.handle(scope, receive, send)
  File "C:\Users\Avinash K\Documents\Projects\StartupPilot AI\backend\venv\Lib\site-packages\fastapi\routing.py", line 2586, in handle
    await included_router._handle_selected(scope, receive, send)
  File "C:\Users\Avinash K\Documents\Projects\StartupPilot AI\backend\venv\Lib\site-packages\fastapi\routing.py", line 1720, in _handle_selected
    await original_route.handle(scope, receive, send)
  File "C:\Users\Avinash K\Documents\Projects\StartupPilot AI\backend\venv\Lib\site-packages\fastapi\routing.py", line 1239, in handle
    await app(scope, receive, send)
  File "C:\Users\Avinash K\Documents\Projects\StartupPilot AI\backend\venv\Lib\site-packages\fastapi\routing.py", line 150, in app
    await wrap_app_handling_exceptions(app, request)(scope, receive, send)
  File "C:\Users\Avinash K\Documents\Projects\StartupPilot AI\backend\venv\Lib\site-packages\starlette\_exception_handler.py", line 53, in wrapped_app
    raise exc
  File "C:\Users\Avinash K\Documents\Projects\StartupPilot AI\backend\venv\Lib\site-packages\starlette\_exception_handler.py", line 42, in wrapped_app
    await app(scope, receive, sender)
  File "C:\Users\Avinash K\Documents\Projects\StartupPilot AI\backend\venv\Lib\site-packages\fastapi\routing.py", line 136, in app
    response = await f(request)
               ^^^^^^^^^^^^^^^^
  File "C:\Users\Avinash K\Documents\Projects\StartupPilot AI\backend\venv\Lib\site-packages\fastapi\routing.py", line 690, in app
    raw_response = await run_endpoint_function(
                   ^^^^^^^^^^^^^^^^^^^^^^^^^^^^
    ...<3 lines>...
    )
    ^
  File "C:\Users\Avinash K\Documents\Projects\StartupPilot AI\backend\venv\Lib\site-packages\fastapi\routing.py", line 344, in run_endpoint_function
    return await dependant.call(**values)
           ^^^^^^^^^^^^^^^^^^^^^^^^^^^^^^
  File "C:\Users\Avinash K\Documents\Projects\StartupPilot AI\backend\api\settings.py", line 64, in get_settings
    user_id = current_user["id"]
              ~~~~~~~~~~~~^^^^^^
TypeError: 'User' object is not subscriptable

GET /api/v1/settings
Traceback (most recent call last):
  File "C:\Users\Avinash K\Documents\Projects\StartupPilot AI\backend\api\exception_middleware.py", line 11, in dispatch
    return await call_next(request)
           ^^^^^^^^^^^^^^^^^^^^^^^^
  File "C:\Users\Avinash K\Documents\Projects\StartupPilot AI\backend\venv\Lib\site-packages\starlette\middleware\base.py", line 168, in call_next
    raise app_exc from app_exc.__cause__ or app_exc.__context__
  File "C:\Users\Avinash K\Documents\Projects\StartupPilot AI\backend\venv\Lib\site-packages\starlette\middleware\base.py", line 144, in coro
    await self.app(scope, receive_or_disconnect, send_no_error)
  File "C:\Users\Avinash K\Documents\Projects\StartupPilot AI\backend\venv\Lib\site-packages\starlette\middleware\exceptions.py", line 63, in __call__
    await wrap_app_handling_exceptions(self.app, conn)(scope, receive, send)
  File "C:\Users\Avinash K\Documents\Projects\StartupPilot AI\backend\venv\Lib\site-packages\starlette\_exception_handler.py", line 53, in wrapped_app
    raise exc
  File "C:\Users\Avinash K\Documents\Projects\StartupPilot AI\backend\venv\Lib\site-packages\starlette\_exception_handler.py", line 42, in wrapped_app
    await app(scope, receive, sender)
  File "C:\Users\Avinash K\Documents\Projects\StartupPilot AI\backend\venv\Lib\site-packages\fastapi\middleware\asyncexitstack.py", line 18, in __call__
    await self.app(scope, receive, send)
  File "C:\Users\Avinash K\Documents\Projects\StartupPilot AI\backend\venv\Lib\site-packages\starlette\routing.py", line 660, in __call__
    await self.middleware_stack(scope, receive, send)
  File "C:\Users\Avinash K\Documents\Projects\StartupPilot AI\backend\venv\Lib\site-packages\fastapi\routing.py", line 2531, in app
    await route.handle(scope, receive, send)
  File "C:\Users\Avinash K\Documents\Projects\StartupPilot AI\backend\venv\Lib\site-packages\fastapi\routing.py", line 1700, in handle
    await self.original_router.handle(scope, receive, send)
  File "C:\Users\Avinash K\Documents\Projects\StartupPilot AI\backend\venv\Lib\site-packages\fastapi\routing.py", line 2586, in handle
    await included_router._handle_selected(scope, receive, send)
  File "C:\Users\Avinash K\Documents\Projects\StartupPilot AI\backend\venv\Lib\site-packages\fastapi\routing.py", line 1720, in _handle_selected
    await original_route.handle(scope, receive, send)
  File "C:\Users\Avinash K\Documents\Projects\StartupPilot AI\backend\venv\Lib\site-packages\fastapi\routing.py", line 1239, in handle
    await app(scope, receive, send)
  File "C:\Users\Avinash K\Documents\Projects\StartupPilot AI\backend\venv\Lib\site-packages\fastapi\routing.py", line 150, in app
    await wrap_app_handling_exceptions(app, request)(scope, receive, send)
  File "C:\Users\Avinash K\Documents\Projects\StartupPilot AI\backend\venv\Lib\site-packages\starlette\_exception_handler.py", line 53, in wrapped_app
    raise exc
  File "C:\Users\Avinash K\Documents\Projects\StartupPilot AI\backend\venv\Lib\site-packages\starlette\_exception_handler.py", line 42, in wrapped_app
    await app(scope, receive, sender)
  File "C:\Users\Avinash K\Documents\Projects\StartupPilot AI\backend\venv\Lib\site-packages\fastapi\routing.py", line 136, in app
    response = await f(request)
               ^^^^^^^^^^^^^^^^
  File "C:\Users\Avinash K\Documents\Projects\StartupPilot AI\backend\venv\Lib\site-packages\fastapi\routing.py", line 690, in app
    raw_response = await run_endpoint_function(
                   ^^^^^^^^^^^^^^^^^^^^^^^^^^^^
    ...<3 lines>...
    )
    ^
  File "C:\Users\Avinash K\Documents\Projects\StartupPilot AI\backend\venv\Lib\site-packages\fastapi\routing.py", line 344, in run_endpoint_function
    return await dependant.call(**values)
           ^^^^^^^^^^^^^^^^^^^^^^^^^^^^^^
  File "C:\Users\Avinash K\Documents\Projects\StartupPilot AI\backend\api\settings.py", line 64, in get_settings
    user_id = current_user["id"]
              ~~~~~~~~~~~~^^^^^^
TypeError: 'User' object is not subscriptable

PUT /api/v1/settings
Traceback (most recent call last):
  File "C:\Users\Avinash K\Documents\Projects\StartupPilot AI\backend\api\exception_middleware.py", line 11, in dispatch
    return await call_next(request)
           ^^^^^^^^^^^^^^^^^^^^^^^^
  File "C:\Users\Avinash K\Documents\Projects\StartupPilot AI\backend\venv\Lib\site-packages\starlette\middleware\base.py", line 168, in call_next
    raise app_exc from app_exc.__cause__ or app_exc.__context__
  File "C:\Users\Avinash K\Documents\Projects\StartupPilot AI\backend\venv\Lib\site-packages\starlette\middleware\base.py", line 144, in coro
    await self.app(scope, receive_or_disconnect, send_no_error)
  File "C:\Users\Avinash K\Documents\Projects\StartupPilot AI\backend\venv\Lib\site-packages\starlette\middleware\exceptions.py", line 63, in __call__
    await wrap_app_handling_exceptions(self.app, conn)(scope, receive, send)
  File "C:\Users\Avinash K\Documents\Projects\StartupPilot AI\backend\venv\Lib\site-packages\starlette\_exception_handler.py", line 53, in wrapped_app
    raise exc
  File "C:\Users\Avinash K\Documents\Projects\StartupPilot AI\backend\venv\Lib\site-packages\starlette\_exception_handler.py", line 42, in wrapped_app
    await app(scope, receive, sender)
  File "C:\Users\Avinash K\Documents\Projects\StartupPilot AI\backend\venv\Lib\site-packages\fastapi\middleware\asyncexitstack.py", line 18, in __call__
    await self.app(scope, receive, send)
  File "C:\Users\Avinash K\Documents\Projects\StartupPilot AI\backend\venv\Lib\site-packages\starlette\routing.py", line 660, in __call__
    await self.middleware_stack(scope, receive, send)
  File "C:\Users\Avinash K\Documents\Projects\StartupPilot AI\backend\venv\Lib\site-packages\fastapi\routing.py", line 2531, in app
    await route.handle(scope, receive, send)
  File "C:\Users\Avinash K\Documents\Projects\StartupPilot AI\backend\venv\Lib\site-packages\fastapi\routing.py", line 1700, in handle
    await self.original_router.handle(scope, receive, send)
  File "C:\Users\Avinash K\Documents\Projects\StartupPilot AI\backend\venv\Lib\site-packages\fastapi\routing.py", line 2586, in handle
    await included_router._handle_selected(scope, receive, send)
  File "C:\Users\Avinash K\Documents\Projects\StartupPilot AI\backend\venv\Lib\site-packages\fastapi\routing.py", line 1720, in _handle_selected
    await original_route.handle(scope, receive, send)
  File "C:\Users\Avinash K\Documents\Projects\StartupPilot AI\backend\venv\Lib\site-packages\fastapi\routing.py", line 1239, in handle
    await app(scope, receive, send)
  File "C:\Users\Avinash K\Documents\Projects\StartupPilot AI\backend\venv\Lib\site-packages\fastapi\routing.py", line 150, in app
    await wrap_app_handling_exceptions(app, request)(scope, receive, send)
  File "C:\Users\Avinash K\Documents\Projects\StartupPilot AI\backend\venv\Lib\site-packages\starlette\_exception_handler.py", line 53, in wrapped_app
    raise exc
  File "C:\Users\Avinash K\Documents\Projects\StartupPilot AI\backend\venv\Lib\site-packages\starlette\_exception_handler.py", line 42, in wrapped_app
    await app(scope, receive, sender)
  File "C:\Users\Avinash K\Documents\Projects\StartupPilot AI\backend\venv\Lib\site-packages\fastapi\routing.py", line 136, in app
    response = await f(request)
               ^^^^^^^^^^^^^^^^
  File "C:\Users\Avinash K\Documents\Projects\StartupPilot AI\backend\venv\Lib\site-packages\fastapi\routing.py", line 690, in app
    raw_response = await run_endpoint_function(
                   ^^^^^^^^^^^^^^^^^^^^^^^^^^^^
    ...<3 lines>...
    )
    ^
  File "C:\Users\Avinash K\Documents\Projects\StartupPilot AI\backend\venv\Lib\site-packages\fastapi\routing.py", line 344, in run_endpoint_function
    return await dependant.call(**values)
           ^^^^^^^^^^^^^^^^^^^^^^^^^^^^^^
  File "C:\Users\Avinash K\Documents\Projects\StartupPilot AI\backend\api\settings.py", line 103, in update_settings
    user_id = current_user["id"]
              ~~~~~~~~~~~~^^^^^^
TypeError: 'User' object is not subscriptable

PUT /api/v1/settings
Traceback (most recent call last):
  File "C:\Users\Avinash K\Documents\Projects\StartupPilot AI\backend\api\exception_middleware.py", line 11, in dispatch
    return await call_next(request)
           ^^^^^^^^^^^^^^^^^^^^^^^^
  File "C:\Users\Avinash K\Documents\Projects\StartupPilot AI\backend\venv\Lib\site-packages\starlette\middleware\base.py", line 168, in call_next
    raise app_exc from app_exc.__cause__ or app_exc.__context__
  File "C:\Users\Avinash K\Documents\Projects\StartupPilot AI\backend\venv\Lib\site-packages\starlette\middleware\base.py", line 144, in coro
    await self.app(scope, receive_or_disconnect, send_no_error)
  File "C:\Users\Avinash K\Documents\Projects\StartupPilot AI\backend\venv\Lib\site-packages\starlette\middleware\exceptions.py", line 63, in __call__
    await wrap_app_handling_exceptions(self.app, conn)(scope, receive, send)
  File "C:\Users\Avinash K\Documents\Projects\StartupPilot AI\backend\venv\Lib\site-packages\starlette\_exception_handler.py", line 53, in wrapped_app
    raise exc
  File "C:\Users\Avinash K\Documents\Projects\StartupPilot AI\backend\venv\Lib\site-packages\starlette\_exception_handler.py", line 42, in wrapped_app
    await app(scope, receive, sender)
  File "C:\Users\Avinash K\Documents\Projects\StartupPilot AI\backend\venv\Lib\site-packages\fastapi\middleware\asyncexitstack.py", line 18, in __call__
    await self.app(scope, receive, send)
  File "C:\Users\Avinash K\Documents\Projects\StartupPilot AI\backend\venv\Lib\site-packages\starlette\routing.py", line 660, in __call__
    await self.middleware_stack(scope, receive, send)
  File "C:\Users\Avinash K\Documents\Projects\StartupPilot AI\backend\venv\Lib\site-packages\fastapi\routing.py", line 2531, in app
    await route.handle(scope, receive, send)
  File "C:\Users\Avinash K\Documents\Projects\StartupPilot AI\backend\venv\Lib\site-packages\fastapi\routing.py", line 1700, in handle
    await self.original_router.handle(scope, receive, send)
  File "C:\Users\Avinash K\Documents\Projects\StartupPilot AI\backend\venv\Lib\site-packages\fastapi\routing.py", line 2586, in handle
    await included_router._handle_selected(scope, receive, send)
  File "C:\Users\Avinash K\Documents\Projects\StartupPilot AI\backend\venv\Lib\site-packages\fastapi\routing.py", line 1720, in _handle_selected
    await original_route.handle(scope, receive, send)
  File "C:\Users\Avinash K\Documents\Projects\StartupPilot AI\backend\venv\Lib\site-packages\fastapi\routing.py", line 1239, in handle
    await app(scope, receive, send)
  File "C:\Users\Avinash K\Documents\Projects\StartupPilot AI\backend\venv\Lib\site-packages\fastapi\routing.py", line 150, in app
    await wrap_app_handling_exceptions(app, request)(scope, receive, send)
  File "C:\Users\Avinash K\Documents\Projects\StartupPilot AI\backend\venv\Lib\site-packages\starlette\_exception_handler.py", line 53, in wrapped_app
    raise exc
  File "C:\Users\Avinash K\Documents\Projects\StartupPilot AI\backend\venv\Lib\site-packages\starlette\_exception_handler.py", line 42, in wrapped_app
    await app(scope, receive, sender)
  File "C:\Users\Avinash K\Documents\Projects\StartupPilot AI\backend\venv\Lib\site-packages\fastapi\routing.py", line 136, in app
    response = await f(request)
               ^^^^^^^^^^^^^^^^
  File "C:\Users\Avinash K\Documents\Projects\StartupPilot AI\backend\venv\Lib\site-packages\fastapi\routing.py", line 690, in app
    raw_response = await run_endpoint_function(
                   ^^^^^^^^^^^^^^^^^^^^^^^^^^^^
    ...<3 lines>...
    )
    ^
  File "C:\Users\Avinash K\Documents\Projects\StartupPilot AI\backend\venv\Lib\site-packages\fastapi\routing.py", line 344, in run_endpoint_function
    return await dependant.call(**values)
           ^^^^^^^^^^^^^^^^^^^^^^^^^^^^^^
  File "C:\Users\Avinash K\Documents\Projects\StartupPilot AI\backend\api\settings.py", line 103, in update_settings
    user_id = current_user["id"]
              ~~~~~~~~~~~~^^^^^^
TypeError: 'User' object is not subscriptable

GET /api/v1/settings
Traceback (most recent call last):
  File "C:\Users\Avinash K\Documents\Projects\StartupPilot AI\backend\api\exception_middleware.py", line 11, in dispatch
    return await call_next(request)
           ^^^^^^^^^^^^^^^^^^^^^^^^
  File "C:\Users\Avinash K\Documents\Projects\StartupPilot AI\backend\venv\Lib\site-packages\starlette\middleware\base.py", line 168, in call_next
    raise app_exc from app_exc.__cause__ or app_exc.__context__
  File "C:\Users\Avinash K\Documents\Projects\StartupPilot AI\backend\venv\Lib\site-packages\starlette\middleware\base.py", line 144, in coro
    await self.app(scope, receive_or_disconnect, send_no_error)
  File "C:\Users\Avinash K\Documents\Projects\StartupPilot AI\backend\venv\Lib\site-packages\starlette\middleware\exceptions.py", line 63, in __call__
    await wrap_app_handling_exceptions(self.app, conn)(scope, receive, send)
  File "C:\Users\Avinash K\Documents\Projects\StartupPilot AI\backend\venv\Lib\site-packages\starlette\_exception_handler.py", line 53, in wrapped_app
    raise exc
  File "C:\Users\Avinash K\Documents\Projects\StartupPilot AI\backend\venv\Lib\site-packages\starlette\_exception_handler.py", line 42, in wrapped_app
    await app(scope, receive, sender)
  File "C:\Users\Avinash K\Documents\Projects\StartupPilot AI\backend\venv\Lib\site-packages\fastapi\middleware\asyncexitstack.py", line 18, in __call__
    await self.app(scope, receive, send)
  File "C:\Users\Avinash K\Documents\Projects\StartupPilot AI\backend\venv\Lib\site-packages\starlette\routing.py", line 660, in __call__
    await self.middleware_stack(scope, receive, send)
  File "C:\Users\Avinash K\Documents\Projects\StartupPilot AI\backend\venv\Lib\site-packages\fastapi\routing.py", line 2531, in app
    await route.handle(scope, receive, send)
  File "C:\Users\Avinash K\Documents\Projects\StartupPilot AI\backend\venv\Lib\site-packages\fastapi\routing.py", line 1700, in handle
    await self.original_router.handle(scope, receive, send)
  File "C:\Users\Avinash K\Documents\Projects\StartupPilot AI\backend\venv\Lib\site-packages\fastapi\routing.py", line 2586, in handle
    await included_router._handle_selected(scope, receive, send)
  File "C:\Users\Avinash K\Documents\Projects\StartupPilot AI\backend\venv\Lib\site-packages\fastapi\routing.py", line 1720, in _handle_selected
    await original_route.handle(scope, receive, send)
  File "C:\Users\Avinash K\Documents\Projects\StartupPilot AI\backend\venv\Lib\site-packages\fastapi\routing.py", line 1239, in handle
    await app(scope, receive, send)
  File "C:\Users\Avinash K\Documents\Projects\StartupPilot AI\backend\venv\Lib\site-packages\fastapi\routing.py", line 150, in app
    await wrap_app_handling_exceptions(app, request)(scope, receive, send)
  File "C:\Users\Avinash K\Documents\Projects\StartupPilot AI\backend\venv\Lib\site-packages\starlette\_exception_handler.py", line 53, in wrapped_app
    raise exc
  File "C:\Users\Avinash K\Documents\Projects\StartupPilot AI\backend\venv\Lib\site-packages\starlette\_exception_handler.py", line 42, in wrapped_app
    await app(scope, receive, sender)
  File "C:\Users\Avinash K\Documents\Projects\StartupPilot AI\backend\venv\Lib\site-packages\fastapi\routing.py", line 136, in app
    response = await f(request)
               ^^^^^^^^^^^^^^^^
  File "C:\Users\Avinash K\Documents\Projects\StartupPilot AI\backend\venv\Lib\site-packages\fastapi\routing.py", line 690, in app
    raw_response = await run_endpoint_function(
                   ^^^^^^^^^^^^^^^^^^^^^^^^^^^^
    ...<3 lines>...
    )
    ^
  File "C:\Users\Avinash K\Documents\Projects\StartupPilot AI\backend\venv\Lib\site-packages\fastapi\routing.py", line 344, in run_endpoint_function
    return await dependant.call(**values)
           ^^^^^^^^^^^^^^^^^^^^^^^^^^^^^^
  File "C:\Users\Avinash K\Documents\Projects\StartupPilot AI\backend\api\settings.py", line 64, in get_settings
    user_id = current_user["id"]
              ~~~~~~~~~~~~^^^^^^
TypeError: 'User' object is not subscriptable

GET /api/v1/settings
Traceback (most recent call last):
  File "C:\Users\Avinash K\Documents\Projects\StartupPilot AI\backend\api\exception_middleware.py", line 11, in dispatch
    return await call_next(request)
           ^^^^^^^^^^^^^^^^^^^^^^^^
  File "C:\Users\Avinash K\Documents\Projects\StartupPilot AI\backend\venv\Lib\site-packages\starlette\middleware\base.py", line 168, in call_next
    raise app_exc from app_exc.__cause__ or app_exc.__context__
  File "C:\Users\Avinash K\Documents\Projects\StartupPilot AI\backend\venv\Lib\site-packages\starlette\middleware\base.py", line 144, in coro
    await self.app(scope, receive_or_disconnect, send_no_error)
  File "C:\Users\Avinash K\Documents\Projects\StartupPilot AI\backend\venv\Lib\site-packages\starlette\middleware\exceptions.py", line 63, in __call__
    await wrap_app_handling_exceptions(self.app, conn)(scope, receive, send)
  File "C:\Users\Avinash K\Documents\Projects\StartupPilot AI\backend\venv\Lib\site-packages\starlette\_exception_handler.py", line 53, in wrapped_app
    raise exc
  File "C:\Users\Avinash K\Documents\Projects\StartupPilot AI\backend\venv\Lib\site-packages\starlette\_exception_handler.py", line 42, in wrapped_app
    await app(scope, receive, sender)
  File "C:\Users\Avinash K\Documents\Projects\StartupPilot AI\backend\venv\Lib\site-packages\fastapi\middleware\asyncexitstack.py", line 18, in __call__
    await self.app(scope, receive, send)
  File "C:\Users\Avinash K\Documents\Projects\StartupPilot AI\backend\venv\Lib\site-packages\starlette\routing.py", line 660, in __call__
    await self.middleware_stack(scope, receive, send)
  File "C:\Users\Avinash K\Documents\Projects\StartupPilot AI\backend\venv\Lib\site-packages\fastapi\routing.py", line 2531, in app
    await route.handle(scope, receive, send)
  File "C:\Users\Avinash K\Documents\Projects\StartupPilot AI\backend\venv\Lib\site-packages\fastapi\routing.py", line 1700, in handle
    await self.original_router.handle(scope, receive, send)
  File "C:\Users\Avinash K\Documents\Projects\StartupPilot AI\backend\venv\Lib\site-packages\fastapi\routing.py", line 2586, in handle
    await included_router._handle_selected(scope, receive, send)
  File "C:\Users\Avinash K\Documents\Projects\StartupPilot AI\backend\venv\Lib\site-packages\fastapi\routing.py", line 1720, in _handle_selected
    await original_route.handle(scope, receive, send)
  File "C:\Users\Avinash K\Documents\Projects\StartupPilot AI\backend\venv\Lib\site-packages\fastapi\routing.py", line 1239, in handle
    await app(scope, receive, send)
  File "C:\Users\Avinash K\Documents\Projects\StartupPilot AI\backend\venv\Lib\site-packages\fastapi\routing.py", line 150, in app
    await wrap_app_handling_exceptions(app, request)(scope, receive, send)
  File "C:\Users\Avinash K\Documents\Projects\StartupPilot AI\backend\venv\Lib\site-packages\starlette\_exception_handler.py", line 53, in wrapped_app
    raise exc
  File "C:\Users\Avinash K\Documents\Projects\StartupPilot AI\backend\venv\Lib\site-packages\starlette\_exception_handler.py", line 42, in wrapped_app
    await app(scope, receive, sender)
  File "C:\Users\Avinash K\Documents\Projects\StartupPilot AI\backend\venv\Lib\site-packages\fastapi\routing.py", line 136, in app
    response = await f(request)
               ^^^^^^^^^^^^^^^^
  File "C:\Users\Avinash K\Documents\Projects\StartupPilot AI\backend\venv\Lib\site-packages\fastapi\routing.py", line 690, in app
    raw_response = await run_endpoint_function(
                   ^^^^^^^^^^^^^^^^^^^^^^^^^^^^
    ...<3 lines>...
    )
    ^
  File "C:\Users\Avinash K\Documents\Projects\StartupPilot AI\backend\venv\Lib\site-packages\fastapi\routing.py", line 344, in run_endpoint_function
    return await dependant.call(**values)
           ^^^^^^^^^^^^^^^^^^^^^^^^^^^^^^
  File "C:\Users\Avinash K\Documents\Projects\StartupPilot AI\backend\api\settings.py", line 64, in get_settings
    user_id = current_user["id"]
              ~~~~~~~~~~~~^^^^^^
TypeError: 'User' object is not subscriptable

GET /api/v1/settings
Traceback (most recent call last):
  File "C:\Users\Avinash K\Documents\Projects\StartupPilot AI\backend\api\exception_middleware.py", line 11, in dispatch
    return await call_next(request)
           ^^^^^^^^^^^^^^^^^^^^^^^^
  File "C:\Users\Avinash K\Documents\Projects\StartupPilot AI\backend\venv\Lib\site-packages\starlette\middleware\base.py", line 168, in call_next
    raise app_exc from app_exc.__cause__ or app_exc.__context__
  File "C:\Users\Avinash K\Documents\Projects\StartupPilot AI\backend\venv\Lib\site-packages\starlette\middleware\base.py", line 144, in coro
    await self.app(scope, receive_or_disconnect, send_no_error)
  File "C:\Users\Avinash K\Documents\Projects\StartupPilot AI\backend\venv\Lib\site-packages\starlette\middleware\exceptions.py", line 63, in __call__
    await wrap_app_handling_exceptions(self.app, conn)(scope, receive, send)
  File "C:\Users\Avinash K\Documents\Projects\StartupPilot AI\backend\venv\Lib\site-packages\starlette\_exception_handler.py", line 53, in wrapped_app
    raise exc
  File "C:\Users\Avinash K\Documents\Projects\StartupPilot AI\backend\venv\Lib\site-packages\starlette\_exception_handler.py", line 42, in wrapped_app
    await app(scope, receive, sender)
  File "C:\Users\Avinash K\Documents\Projects\StartupPilot AI\backend\venv\Lib\site-packages\fastapi\middleware\asyncexitstack.py", line 18, in __call__
    await self.app(scope, receive, send)
  File "C:\Users\Avinash K\Documents\Projects\StartupPilot AI\backend\venv\Lib\site-packages\starlette\routing.py", line 660, in __call__
    await self.middleware_stack(scope, receive, send)
  File "C:\Users\Avinash K\Documents\Projects\StartupPilot AI\backend\venv\Lib\site-packages\fastapi\routing.py", line 2531, in app
    await route.handle(scope, receive, send)
  File "C:\Users\Avinash K\Documents\Projects\StartupPilot AI\backend\venv\Lib\site-packages\fastapi\routing.py", line 1700, in handle
    await self.original_router.handle(scope, receive, send)
  File "C:\Users\Avinash K\Documents\Projects\StartupPilot AI\backend\venv\Lib\site-packages\fastapi\routing.py", line 2586, in handle
    await included_router._handle_selected(scope, receive, send)
  File "C:\Users\Avinash K\Documents\Projects\StartupPilot AI\backend\venv\Lib\site-packages\fastapi\routing.py", line 1720, in _handle_selected
    await original_route.handle(scope, receive, send)
  File "C:\Users\Avinash K\Documents\Projects\StartupPilot AI\backend\venv\Lib\site-packages\fastapi\routing.py", line 1239, in handle
    await app(scope, receive, send)
  File "C:\Users\Avinash K\Documents\Projects\StartupPilot AI\backend\venv\Lib\site-packages\fastapi\routing.py", line 150, in app
    await wrap_app_handling_exceptions(app, request)(scope, receive, send)
  File "C:\Users\Avinash K\Documents\Projects\StartupPilot AI\backend\venv\Lib\site-packages\starlette\_exception_handler.py", line 53, in wrapped_app
    raise exc
  File "C:\Users\Avinash K\Documents\Projects\StartupPilot AI\backend\venv\Lib\site-packages\starlette\_exception_handler.py", line 42, in wrapped_app
    await app(scope, receive, sender)
  File "C:\Users\Avinash K\Documents\Projects\StartupPilot AI\backend\venv\Lib\site-packages\fastapi\routing.py", line 136, in app
    response = await f(request)
               ^^^^^^^^^^^^^^^^
  File "C:\Users\Avinash K\Documents\Projects\StartupPilot AI\backend\venv\Lib\site-packages\fastapi\routing.py", line 690, in app
    raw_response = await run_endpoint_function(
                   ^^^^^^^^^^^^^^^^^^^^^^^^^^^^
    ...<3 lines>...
    )
    ^
  File "C:\Users\Avinash K\Documents\Projects\StartupPilot AI\backend\venv\Lib\site-packages\fastapi\routing.py", line 344, in run_endpoint_function
    return await dependant.call(**values)
           ^^^^^^^^^^^^^^^^^^^^^^^^^^^^^^
  File "C:\Users\Avinash K\Documents\Projects\StartupPilot AI\backend\api\settings.py", line 64, in get_settings
    user_id = current_user["id"]
              ~~~~~~~~~~~~^^^^^^
TypeError: 'User' object is not subscriptable

GET /api/v1/settings
Traceback (most recent call last):
  File "C:\Users\Avinash K\Documents\Projects\StartupPilot AI\backend\api\exception_middleware.py", line 11, in dispatch
    return await call_next(request)
           ^^^^^^^^^^^^^^^^^^^^^^^^
  File "C:\Users\Avinash K\Documents\Projects\StartupPilot AI\backend\venv\Lib\site-packages\starlette\middleware\base.py", line 168, in call_next
    raise app_exc from app_exc.__cause__ or app_exc.__context__
  File "C:\Users\Avinash K\Documents\Projects\StartupPilot AI\backend\venv\Lib\site-packages\starlette\middleware\base.py", line 144, in coro
    await self.app(scope, receive_or_disconnect, send_no_error)
  File "C:\Users\Avinash K\Documents\Projects\StartupPilot AI\backend\venv\Lib\site-packages\starlette\middleware\exceptions.py", line 63, in __call__
    await wrap_app_handling_exceptions(self.app, conn)(scope, receive, send)
  File "C:\Users\Avinash K\Documents\Projects\StartupPilot AI\backend\venv\Lib\site-packages\starlette\_exception_handler.py", line 53, in wrapped_app
    raise exc
  File "C:\Users\Avinash K\Documents\Projects\StartupPilot AI\backend\venv\Lib\site-packages\starlette\_exception_handler.py", line 42, in wrapped_app
    await app(scope, receive, sender)
  File "C:\Users\Avinash K\Documents\Projects\StartupPilot AI\backend\venv\Lib\site-packages\fastapi\middleware\asyncexitstack.py", line 18, in __call__
    await self.app(scope, receive, send)
  File "C:\Users\Avinash K\Documents\Projects\StartupPilot AI\backend\venv\Lib\site-packages\starlette\routing.py", line 660, in __call__
    await self.middleware_stack(scope, receive, send)
  File "C:\Users\Avinash K\Documents\Projects\StartupPilot AI\backend\venv\Lib\site-packages\fastapi\routing.py", line 2531, in app
    await route.handle(scope, receive, send)
  File "C:\Users\Avinash K\Documents\Projects\StartupPilot AI\backend\venv\Lib\site-packages\fastapi\routing.py", line 1700, in handle
    await self.original_router.handle(scope, receive, send)
  File "C:\Users\Avinash K\Documents\Projects\StartupPilot AI\backend\venv\Lib\site-packages\fastapi\routing.py", line 2586, in handle
    await included_router._handle_selected(scope, receive, send)
  File "C:\Users\Avinash K\Documents\Projects\StartupPilot AI\backend\venv\Lib\site-packages\fastapi\routing.py", line 1720, in _handle_selected
    await original_route.handle(scope, receive, send)
  File "C:\Users\Avinash K\Documents\Projects\StartupPilot AI\backend\venv\Lib\site-packages\fastapi\routing.py", line 1239, in handle
    await app(scope, receive, send)
  File "C:\Users\Avinash K\Documents\Projects\StartupPilot AI\backend\venv\Lib\site-packages\fastapi\routing.py", line 150, in app
    await wrap_app_handling_exceptions(app, request)(scope, receive, send)
  File "C:\Users\Avinash K\Documents\Projects\StartupPilot AI\backend\venv\Lib\site-packages\starlette\_exception_handler.py", line 53, in wrapped_app
    raise exc
  File "C:\Users\Avinash K\Documents\Projects\StartupPilot AI\backend\venv\Lib\site-packages\starlette\_exception_handler.py", line 42, in wrapped_app
    await app(scope, receive, sender)
  File "C:\Users\Avinash K\Documents\Projects\StartupPilot AI\backend\venv\Lib\site-packages\fastapi\routing.py", line 136, in app
    response = await f(request)
               ^^^^^^^^^^^^^^^^
  File "C:\Users\Avinash K\Documents\Projects\StartupPilot AI\backend\venv\Lib\site-packages\fastapi\routing.py", line 690, in app
    raw_response = await run_endpoint_function(
                   ^^^^^^^^^^^^^^^^^^^^^^^^^^^^
    ...<3 lines>...
    )
    ^
  File "C:\Users\Avinash K\Documents\Projects\StartupPilot AI\backend\venv\Lib\site-packages\fastapi\routing.py", line 344, in run_endpoint_function
    return await dependant.call(**values)
           ^^^^^^^^^^^^^^^^^^^^^^^^^^^^^^
  File "C:\Users\Avinash K\Documents\Projects\StartupPilot AI\backend\api\settings.py", line 64, in get_settings
    user_id = current_user["id"]
              ~~~~~~~~~~~~^^^^^^
TypeError: 'User' object is not subscriptable

PUT /api/v1/settings
Traceback (most recent call last):
  File "C:\Users\Avinash K\Documents\Projects\StartupPilot AI\backend\api\exception_middleware.py", line 11, in dispatch
    return await call_next(request)
           ^^^^^^^^^^^^^^^^^^^^^^^^
  File "C:\Users\Avinash K\Documents\Projects\StartupPilot AI\backend\venv\Lib\site-packages\starlette\middleware\base.py", line 168, in call_next
    raise app_exc from app_exc.__cause__ or app_exc.__context__
  File "C:\Users\Avinash K\Documents\Projects\StartupPilot AI\backend\venv\Lib\site-packages\starlette\middleware\base.py", line 144, in coro
    await self.app(scope, receive_or_disconnect, send_no_error)
  File "C:\Users\Avinash K\Documents\Projects\StartupPilot AI\backend\venv\Lib\site-packages\starlette\middleware\exceptions.py", line 63, in __call__
    await wrap_app_handling_exceptions(self.app, conn)(scope, receive, send)
  File "C:\Users\Avinash K\Documents\Projects\StartupPilot AI\backend\venv\Lib\site-packages\starlette\_exception_handler.py", line 53, in wrapped_app
    raise exc
  File "C:\Users\Avinash K\Documents\Projects\StartupPilot AI\backend\venv\Lib\site-packages\starlette\_exception_handler.py", line 42, in wrapped_app
    await app(scope, receive, sender)
  File "C:\Users\Avinash K\Documents\Projects\StartupPilot AI\backend\venv\Lib\site-packages\fastapi\middleware\asyncexitstack.py", line 18, in __call__
    await self.app(scope, receive, send)
  File "C:\Users\Avinash K\Documents\Projects\StartupPilot AI\backend\venv\Lib\site-packages\starlette\routing.py", line 660, in __call__
    await self.middleware_stack(scope, receive, send)
  File "C:\Users\Avinash K\Documents\Projects\StartupPilot AI\backend\venv\Lib\site-packages\fastapi\routing.py", line 2531, in app
    await route.handle(scope, receive, send)
  File "C:\Users\Avinash K\Documents\Projects\StartupPilot AI\backend\venv\Lib\site-packages\fastapi\routing.py", line 1700, in handle
    await self.original_router.handle(scope, receive, send)
  File "C:\Users\Avinash K\Documents\Projects\StartupPilot AI\backend\venv\Lib\site-packages\fastapi\routing.py", line 2586, in handle
    await included_router._handle_selected(scope, receive, send)
  File "C:\Users\Avinash K\Documents\Projects\StartupPilot AI\backend\venv\Lib\site-packages\fastapi\routing.py", line 1720, in _handle_selected
    await original_route.handle(scope, receive, send)
  File "C:\Users\Avinash K\Documents\Projects\StartupPilot AI\backend\venv\Lib\site-packages\fastapi\routing.py", line 1239, in handle
    await app(scope, receive, send)
  File "C:\Users\Avinash K\Documents\Projects\StartupPilot AI\backend\venv\Lib\site-packages\fastapi\routing.py", line 150, in app
    await wrap_app_handling_exceptions(app, request)(scope, receive, send)
  File "C:\Users\Avinash K\Documents\Projects\StartupPilot AI\backend\venv\Lib\site-packages\starlette\_exception_handler.py", line 53, in wrapped_app
    raise exc
  File "C:\Users\Avinash K\Documents\Projects\StartupPilot AI\backend\venv\Lib\site-packages\starlette\_exception_handler.py", line 42, in wrapped_app
    await app(scope, receive, sender)
  File "C:\Users\Avinash K\Documents\Projects\StartupPilot AI\backend\venv\Lib\site-packages\fastapi\routing.py", line 136, in app
    response = await f(request)
               ^^^^^^^^^^^^^^^^
  File "C:\Users\Avinash K\Documents\Projects\StartupPilot AI\backend\venv\Lib\site-packages\fastapi\routing.py", line 690, in app
    raw_response = await run_endpoint_function(
                   ^^^^^^^^^^^^^^^^^^^^^^^^^^^^
    ...<3 lines>...
    )
    ^
  File "C:\Users\Avinash K\Documents\Projects\StartupPilot AI\backend\venv\Lib\site-packages\fastapi\routing.py", line 344, in run_endpoint_function
    return await dependant.call(**values)
           ^^^^^^^^^^^^^^^^^^^^^^^^^^^^^^
  File "C:\Users\Avinash K\Documents\Projects\StartupPilot AI\backend\api\settings.py", line 103, in update_settings
    user_id = current_user["id"]
              ~~~~~~~~~~~~^^^^^^
TypeError: 'User' object is not subscriptable

PUT /api/v1/settings
Traceback (most recent call last):
  File "C:\Users\Avinash K\Documents\Projects\StartupPilot AI\backend\api\exception_middleware.py", line 11, in dispatch
    return await call_next(request)
           ^^^^^^^^^^^^^^^^^^^^^^^^
  File "C:\Users\Avinash K\Documents\Projects\StartupPilot AI\backend\venv\Lib\site-packages\starlette\middleware\base.py", line 168, in call_next
    raise app_exc from app_exc.__cause__ or app_exc.__context__
  File "C:\Users\Avinash K\Documents\Projects\StartupPilot AI\backend\venv\Lib\site-packages\starlette\middleware\base.py", line 144, in coro
    await self.app(scope, receive_or_disconnect, send_no_error)
  File "C:\Users\Avinash K\Documents\Projects\StartupPilot AI\backend\venv\Lib\site-packages\starlette\middleware\exceptions.py", line 63, in __call__
    await wrap_app_handling_exceptions(self.app, conn)(scope, receive, send)
  File "C:\Users\Avinash K\Documents\Projects\StartupPilot AI\backend\venv\Lib\site-packages\starlette\_exception_handler.py", line 53, in wrapped_app
    raise exc
  File "C:\Users\Avinash K\Documents\Projects\StartupPilot AI\backend\venv\Lib\site-packages\starlette\_exception_handler.py", line 42, in wrapped_app
    await app(scope, receive, sender)
  File "C:\Users\Avinash K\Documents\Projects\StartupPilot AI\backend\venv\Lib\site-packages\fastapi\middleware\asyncexitstack.py", line 18, in __call__
    await self.app(scope, receive, send)
  File "C:\Users\Avinash K\Documents\Projects\StartupPilot AI\backend\venv\Lib\site-packages\starlette\routing.py", line 660, in __call__
    await self.middleware_stack(scope, receive, send)
  File "C:\Users\Avinash K\Documents\Projects\StartupPilot AI\backend\venv\Lib\site-packages\fastapi\routing.py", line 2531, in app
    await route.handle(scope, receive, send)
  File "C:\Users\Avinash K\Documents\Projects\StartupPilot AI\backend\venv\Lib\site-packages\fastapi\routing.py", line 1700, in handle
    await self.original_router.handle(scope, receive, send)
  File "C:\Users\Avinash K\Documents\Projects\StartupPilot AI\backend\venv\Lib\site-packages\fastapi\routing.py", line 2586, in handle
    await included_router._handle_selected(scope, receive, send)
  File "C:\Users\Avinash K\Documents\Projects\StartupPilot AI\backend\venv\Lib\site-packages\fastapi\routing.py", line 1720, in _handle_selected
    await original_route.handle(scope, receive, send)
  File "C:\Users\Avinash K\Documents\Projects\StartupPilot AI\backend\venv\Lib\site-packages\fastapi\routing.py", line 1239, in handle
    await app(scope, receive, send)
  File "C:\Users\Avinash K\Documents\Projects\StartupPilot AI\backend\venv\Lib\site-packages\fastapi\routing.py", line 150, in app
    await wrap_app_handling_exceptions(app, request)(scope, receive, send)
  File "C:\Users\Avinash K\Documents\Projects\StartupPilot AI\backend\venv\Lib\site-packages\starlette\_exception_handler.py", line 53, in wrapped_app
    raise exc
  File "C:\Users\Avinash K\Documents\Projects\StartupPilot AI\backend\venv\Lib\site-packages\starlette\_exception_handler.py", line 42, in wrapped_app
    await app(scope, receive, sender)
  File "C:\Users\Avinash K\Documents\Projects\StartupPilot AI\backend\venv\Lib\site-packages\fastapi\routing.py", line 136, in app
    response = await f(request)
               ^^^^^^^^^^^^^^^^
  File "C:\Users\Avinash K\Documents\Projects\StartupPilot AI\backend\venv\Lib\site-packages\fastapi\routing.py", line 690, in app
    raw_response = await run_endpoint_function(
                   ^^^^^^^^^^^^^^^^^^^^^^^^^^^^
    ...<3 lines>...
    )
    ^
  File "C:\Users\Avinash K\Documents\Projects\StartupPilot AI\backend\venv\Lib\site-packages\fastapi\routing.py", line 344, in run_endpoint_function
    return await dependant.call(**values)
           ^^^^^^^^^^^^^^^^^^^^^^^^^^^^^^
  File "C:\Users\Avinash K\Documents\Projects\StartupPilot AI\backend\api\settings.py", line 103, in update_settings
    user_id = current_user["id"]
              ~~~~~~~~~~~~^^^^^^
TypeError: 'User' object is not subscriptable

PUT /api/v1/settings
Traceback (most recent call last):
  File "C:\Users\Avinash K\Documents\Projects\StartupPilot AI\backend\api\exception_middleware.py", line 11, in dispatch
    return await call_next(request)
           ^^^^^^^^^^^^^^^^^^^^^^^^
  File "C:\Users\Avinash K\Documents\Projects\StartupPilot AI\backend\venv\Lib\site-packages\starlette\middleware\base.py", line 168, in call_next
    raise app_exc from app_exc.__cause__ or app_exc.__context__
  File "C:\Users\Avinash K\Documents\Projects\StartupPilot AI\backend\venv\Lib\site-packages\starlette\middleware\base.py", line 144, in coro
    await self.app(scope, receive_or_disconnect, send_no_error)
  File "C:\Users\Avinash K\Documents\Projects\StartupPilot AI\backend\venv\Lib\site-packages\starlette\middleware\exceptions.py", line 63, in __call__
    await wrap_app_handling_exceptions(self.app, conn)(scope, receive, send)
  File "C:\Users\Avinash K\Documents\Projects\StartupPilot AI\backend\venv\Lib\site-packages\starlette\_exception_handler.py", line 53, in wrapped_app
    raise exc
  File "C:\Users\Avinash K\Documents\Projects\StartupPilot AI\backend\venv\Lib\site-packages\starlette\_exception_handler.py", line 42, in wrapped_app
    await app(scope, receive, sender)
  File "C:\Users\Avinash K\Documents\Projects\StartupPilot AI\backend\venv\Lib\site-packages\fastapi\middleware\asyncexitstack.py", line 18, in __call__
    await self.app(scope, receive, send)
  File "C:\Users\Avinash K\Documents\Projects\StartupPilot AI\backend\venv\Lib\site-packages\starlette\routing.py", line 660, in __call__
    await self.middleware_stack(scope, receive, send)
  File "C:\Users\Avinash K\Documents\Projects\StartupPilot AI\backend\venv\Lib\site-packages\fastapi\routing.py", line 2531, in app
    await route.handle(scope, receive, send)
  File "C:\Users\Avinash K\Documents\Projects\StartupPilot AI\backend\venv\Lib\site-packages\fastapi\routing.py", line 1700, in handle
    await self.original_router.handle(scope, receive, send)
  File "C:\Users\Avinash K\Documents\Projects\StartupPilot AI\backend\venv\Lib\site-packages\fastapi\routing.py", line 2586, in handle
    await included_router._handle_selected(scope, receive, send)
  File "C:\Users\Avinash K\Documents\Projects\StartupPilot AI\backend\venv\Lib\site-packages\fastapi\routing.py", line 1720, in _handle_selected
    await original_route.handle(scope, receive, send)
  File "C:\Users\Avinash K\Documents\Projects\StartupPilot AI\backend\venv\Lib\site-packages\fastapi\routing.py", line 1239, in handle
    await app(scope, receive, send)
  File "C:\Users\Avinash K\Documents\Projects\StartupPilot AI\backend\venv\Lib\site-packages\fastapi\routing.py", line 150, in app
    await wrap_app_handling_exceptions(app, request)(scope, receive, send)
  File "C:\Users\Avinash K\Documents\Projects\StartupPilot AI\backend\venv\Lib\site-packages\starlette\_exception_handler.py", line 53, in wrapped_app
    raise exc
  File "C:\Users\Avinash K\Documents\Projects\StartupPilot AI\backend\venv\Lib\site-packages\starlette\_exception_handler.py", line 42, in wrapped_app
    await app(scope, receive, sender)
  File "C:\Users\Avinash K\Documents\Projects\StartupPilot AI\backend\venv\Lib\site-packages\fastapi\routing.py", line 136, in app
    response = await f(request)
               ^^^^^^^^^^^^^^^^
  File "C:\Users\Avinash K\Documents\Projects\StartupPilot AI\backend\venv\Lib\site-packages\fastapi\routing.py", line 690, in app
    raw_response = await run_endpoint_function(
                   ^^^^^^^^^^^^^^^^^^^^^^^^^^^^
    ...<3 lines>...
    )
    ^
  File "C:\Users\Avinash K\Documents\Projects\StartupPilot AI\backend\venv\Lib\site-packages\fastapi\routing.py", line 344, in run_endpoint_function
    return await dependant.call(**values)
           ^^^^^^^^^^^^^^^^^^^^^^^^^^^^^^
  File "C:\Users\Avinash K\Documents\Projects\StartupPilot AI\backend\api\settings.py", line 103, in update_settings
    user_id = current_user["id"]
              ~~~~~~~~~~~~^^^^^^
TypeError: 'User' object is not subscriptable

PUT /api/v1/settings
Traceback (most recent call last):
  File "C:\Users\Avinash K\Documents\Projects\StartupPilot AI\backend\api\exception_middleware.py", line 11, in dispatch
    return await call_next(request)
           ^^^^^^^^^^^^^^^^^^^^^^^^
  File "C:\Users\Avinash K\Documents\Projects\StartupPilot AI\backend\venv\Lib\site-packages\starlette\middleware\base.py", line 168, in call_next
    raise app_exc from app_exc.__cause__ or app_exc.__context__
  File "C:\Users\Avinash K\Documents\Projects\StartupPilot AI\backend\venv\Lib\site-packages\starlette\middleware\base.py", line 144, in coro
    await self.app(scope, receive_or_disconnect, send_no_error)
  File "C:\Users\Avinash K\Documents\Projects\StartupPilot AI\backend\venv\Lib\site-packages\starlette\middleware\exceptions.py", line 63, in __call__
    await wrap_app_handling_exceptions(self.app, conn)(scope, receive, send)
  File "C:\Users\Avinash K\Documents\Projects\StartupPilot AI\backend\venv\Lib\site-packages\starlette\_exception_handler.py", line 53, in wrapped_app
    raise exc
  File "C:\Users\Avinash K\Documents\Projects\StartupPilot AI\backend\venv\Lib\site-packages\starlette\_exception_handler.py", line 42, in wrapped_app
    await app(scope, receive, sender)
  File "C:\Users\Avinash K\Documents\Projects\StartupPilot AI\backend\venv\Lib\site-packages\fastapi\middleware\asyncexitstack.py", line 18, in __call__
    await self.app(scope, receive, send)
  File "C:\Users\Avinash K\Documents\Projects\StartupPilot AI\backend\venv\Lib\site-packages\starlette\routing.py", line 660, in __call__
    await self.middleware_stack(scope, receive, send)
  File "C:\Users\Avinash K\Documents\Projects\StartupPilot AI\backend\venv\Lib\site-packages\fastapi\routing.py", line 2531, in app
    await route.handle(scope, receive, send)
  File "C:\Users\Avinash K\Documents\Projects\StartupPilot AI\backend\venv\Lib\site-packages\fastapi\routing.py", line 1700, in handle
    await self.original_router.handle(scope, receive, send)
  File "C:\Users\Avinash K\Documents\Projects\StartupPilot AI\backend\venv\Lib\site-packages\fastapi\routing.py", line 2586, in handle
    await included_router._handle_selected(scope, receive, send)
  File "C:\Users\Avinash K\Documents\Projects\StartupPilot AI\backend\venv\Lib\site-packages\fastapi\routing.py", line 1720, in _handle_selected
    await original_route.handle(scope, receive, send)
  File "C:\Users\Avinash K\Documents\Projects\StartupPilot AI\backend\venv\Lib\site-packages\fastapi\routing.py", line 1239, in handle
    await app(scope, receive, send)
  File "C:\Users\Avinash K\Documents\Projects\StartupPilot AI\backend\venv\Lib\site-packages\fastapi\routing.py", line 150, in app
    await wrap_app_handling_exceptions(app, request)(scope, receive, send)
  File "C:\Users\Avinash K\Documents\Projects\StartupPilot AI\backend\venv\Lib\site-packages\starlette\_exception_handler.py", line 53, in wrapped_app
    raise exc
  File "C:\Users\Avinash K\Documents\Projects\StartupPilot AI\backend\venv\Lib\site-packages\starlette\_exception_handler.py", line 42, in wrapped_app
    await app(scope, receive, sender)
  File "C:\Users\Avinash K\Documents\Projects\StartupPilot AI\backend\venv\Lib\site-packages\fastapi\routing.py", line 136, in app
    response = await f(request)
               ^^^^^^^^^^^^^^^^
  File "C:\Users\Avinash K\Documents\Projects\StartupPilot AI\backend\venv\Lib\site-packages\fastapi\routing.py", line 690, in app
    raw_response = await run_endpoint_function(
                   ^^^^^^^^^^^^^^^^^^^^^^^^^^^^
    ...<3 lines>...
    )
    ^
  File "C:\Users\Avinash K\Documents\Projects\StartupPilot AI\backend\venv\Lib\site-packages\fastapi\routing.py", line 344, in run_endpoint_function
    return await dependant.call(**values)
           ^^^^^^^^^^^^^^^^^^^^^^^^^^^^^^
  File "C:\Users\Avinash K\Documents\Projects\StartupPilot AI\backend\api\settings.py", line 103, in update_settings
    user_id = current_user["id"]
              ~~~~~~~~~~~~^^^^^^
TypeError: 'User' object is not subscriptable

PUT /api/v1/settings
Traceback (most recent call last):
  File "C:\Users\Avinash K\Documents\Projects\StartupPilot AI\backend\api\exception_middleware.py", line 11, in dispatch
    return await call_next(request)
           ^^^^^^^^^^^^^^^^^^^^^^^^
  File "C:\Users\Avinash K\Documents\Projects\StartupPilot AI\backend\venv\Lib\site-packages\starlette\middleware\base.py", line 168, in call_next
    raise app_exc from app_exc.__cause__ or app_exc.__context__
  File "C:\Users\Avinash K\Documents\Projects\StartupPilot AI\backend\venv\Lib\site-packages\starlette\middleware\base.py", line 144, in coro
    await self.app(scope, receive_or_disconnect, send_no_error)
  File "C:\Users\Avinash K\Documents\Projects\StartupPilot AI\backend\venv\Lib\site-packages\starlette\middleware\exceptions.py", line 63, in __call__
    await wrap_app_handling_exceptions(self.app, conn)(scope, receive, send)
  File "C:\Users\Avinash K\Documents\Projects\StartupPilot AI\backend\venv\Lib\site-packages\starlette\_exception_handler.py", line 53, in wrapped_app
    raise exc
  File "C:\Users\Avinash K\Documents\Projects\StartupPilot AI\backend\venv\Lib\site-packages\starlette\_exception_handler.py", line 42, in wrapped_app
    await app(scope, receive, sender)
  File "C:\Users\Avinash K\Documents\Projects\StartupPilot AI\backend\venv\Lib\site-packages\fastapi\middleware\asyncexitstack.py", line 18, in __call__
    await self.app(scope, receive, send)
  File "C:\Users\Avinash K\Documents\Projects\StartupPilot AI\backend\venv\Lib\site-packages\starlette\routing.py", line 660, in __call__
    await self.middleware_stack(scope, receive, send)
  File "C:\Users\Avinash K\Documents\Projects\StartupPilot AI\backend\venv\Lib\site-packages\fastapi\routing.py", line 2531, in app
    await route.handle(scope, receive, send)
  File "C:\Users\Avinash K\Documents\Projects\StartupPilot AI\backend\venv\Lib\site-packages\fastapi\routing.py", line 1700, in handle
    await self.original_router.handle(scope, receive, send)
  File "C:\Users\Avinash K\Documents\Projects\StartupPilot AI\backend\venv\Lib\site-packages\fastapi\routing.py", line 2586, in handle
    await included_router._handle_selected(scope, receive, send)
  File "C:\Users\Avinash K\Documents\Projects\StartupPilot AI\backend\venv\Lib\site-packages\fastapi\routing.py", line 1720, in _handle_selected
    await original_route.handle(scope, receive, send)
  File "C:\Users\Avinash K\Documents\Projects\StartupPilot AI\backend\venv\Lib\site-packages\fastapi\routing.py", line 1239, in handle
    await app(scope, receive, send)
  File "C:\Users\Avinash K\Documents\Projects\StartupPilot AI\backend\venv\Lib\site-packages\fastapi\routing.py", line 150, in app
    await wrap_app_handling_exceptions(app, request)(scope, receive, send)
  File "C:\Users\Avinash K\Documents\Projects\StartupPilot AI\backend\venv\Lib\site-packages\starlette\_exception_handler.py", line 53, in wrapped_app
    raise exc
  File "C:\Users\Avinash K\Documents\Projects\StartupPilot AI\backend\venv\Lib\site-packages\starlette\_exception_handler.py", line 42, in wrapped_app
    await app(scope, receive, sender)
  File "C:\Users\Avinash K\Documents\Projects\StartupPilot AI\backend\venv\Lib\site-packages\fastapi\routing.py", line 136, in app
    response = await f(request)
               ^^^^^^^^^^^^^^^^
  File "C:\Users\Avinash K\Documents\Projects\StartupPilot AI\backend\venv\Lib\site-packages\fastapi\routing.py", line 690, in app
    raw_response = await run_endpoint_function(
                   ^^^^^^^^^^^^^^^^^^^^^^^^^^^^
    ...<3 lines>...
    )
    ^
  File "C:\Users\Avinash K\Documents\Projects\StartupPilot AI\backend\venv\Lib\site-packages\fastapi\routing.py", line 344, in run_endpoint_function
    return await dependant.call(**values)
           ^^^^^^^^^^^^^^^^^^^^^^^^^^^^^^
  File "C:\Users\Avinash K\Documents\Projects\StartupPilot AI\backend\api\settings.py", line 103, in update_settings
    user_id = current_user["id"]
              ~~~~~~~~~~~~^^^^^^
TypeError: 'User' object is not subscriptable

PUT /api/v1/settings
Traceback (most recent call last):
  File "C:\Users\Avinash K\Documents\Projects\StartupPilot AI\backend\api\exception_middleware.py", line 11, in dispatch
    return await call_next(request)
           ^^^^^^^^^^^^^^^^^^^^^^^^
  File "C:\Users\Avinash K\Documents\Projects\StartupPilot AI\backend\venv\Lib\site-packages\starlette\middleware\base.py", line 168, in call_next
    raise app_exc from app_exc.__cause__ or app_exc.__context__
  File "C:\Users\Avinash K\Documents\Projects\StartupPilot AI\backend\venv\Lib\site-packages\starlette\middleware\base.py", line 144, in coro
    await self.app(scope, receive_or_disconnect, send_no_error)
  File "C:\Users\Avinash K\Documents\Projects\StartupPilot AI\backend\venv\Lib\site-packages\starlette\middleware\exceptions.py", line 63, in __call__
    await wrap_app_handling_exceptions(self.app, conn)(scope, receive, send)
  File "C:\Users\Avinash K\Documents\Projects\StartupPilot AI\backend\venv\Lib\site-packages\starlette\_exception_handler.py", line 53, in wrapped_app
    raise exc
  File "C:\Users\Avinash K\Documents\Projects\StartupPilot AI\backend\venv\Lib\site-packages\starlette\_exception_handler.py", line 42, in wrapped_app
    await app(scope, receive, sender)
  File "C:\Users\Avinash K\Documents\Projects\StartupPilot AI\backend\venv\Lib\site-packages\fastapi\middleware\asyncexitstack.py", line 18, in __call__
    await self.app(scope, receive, send)
  File "C:\Users\Avinash K\Documents\Projects\StartupPilot AI\backend\venv\Lib\site-packages\starlette\routing.py", line 660, in __call__
    await self.middleware_stack(scope, receive, send)
  File "C:\Users\Avinash K\Documents\Projects\StartupPilot AI\backend\venv\Lib\site-packages\fastapi\routing.py", line 2531, in app
    await route.handle(scope, receive, send)
  File "C:\Users\Avinash K\Documents\Projects\StartupPilot AI\backend\venv\Lib\site-packages\fastapi\routing.py", line 1700, in handle
    await self.original_router.handle(scope, receive, send)
  File "C:\Users\Avinash K\Documents\Projects\StartupPilot AI\backend\venv\Lib\site-packages\fastapi\routing.py", line 2586, in handle
    await included_router._handle_selected(scope, receive, send)
  File "C:\Users\Avinash K\Documents\Projects\StartupPilot AI\backend\venv\Lib\site-packages\fastapi\routing.py", line 1720, in _handle_selected
    await original_route.handle(scope, receive, send)
  File "C:\Users\Avinash K\Documents\Projects\StartupPilot AI\backend\venv\Lib\site-packages\fastapi\routing.py", line 1239, in handle
    await app(scope, receive, send)
  File "C:\Users\Avinash K\Documents\Projects\StartupPilot AI\backend\venv\Lib\site-packages\fastapi\routing.py", line 150, in app
    await wrap_app_handling_exceptions(app, request)(scope, receive, send)
  File "C:\Users\Avinash K\Documents\Projects\StartupPilot AI\backend\venv\Lib\site-packages\starlette\_exception_handler.py", line 53, in wrapped_app
    raise exc
  File "C:\Users\Avinash K\Documents\Projects\StartupPilot AI\backend\venv\Lib\site-packages\starlette\_exception_handler.py", line 42, in wrapped_app
    await app(scope, receive, sender)
  File "C:\Users\Avinash K\Documents\Projects\StartupPilot AI\backend\venv\Lib\site-packages\fastapi\routing.py", line 136, in app
    response = await f(request)
               ^^^^^^^^^^^^^^^^
  File "C:\Users\Avinash K\Documents\Projects\StartupPilot AI\backend\venv\Lib\site-packages\fastapi\routing.py", line 690, in app
    raw_response = await run_endpoint_function(
                   ^^^^^^^^^^^^^^^^^^^^^^^^^^^^
    ...<3 lines>...
    )
    ^
  File "C:\Users\Avinash K\Documents\Projects\StartupPilot AI\backend\venv\Lib\site-packages\fastapi\routing.py", line 344, in run_endpoint_function
    return await dependant.call(**values)
           ^^^^^^^^^^^^^^^^^^^^^^^^^^^^^^
  File "C:\Users\Avinash K\Documents\Projects\StartupPilot AI\backend\api\settings.py", line 103, in update_settings
    user_id = current_user["id"]
              ~~~~~~~~~~~~^^^^^^
TypeError: 'User' object is not subscriptable

PUT /api/v1/settings
Traceback (most recent call last):
  File "C:\Users\Avinash K\Documents\Projects\StartupPilot AI\backend\api\exception_middleware.py", line 11, in dispatch
    return await call_next(request)
           ^^^^^^^^^^^^^^^^^^^^^^^^
  File "C:\Users\Avinash K\Documents\Projects\StartupPilot AI\backend\venv\Lib\site-packages\starlette\middleware\base.py", line 168, in call_next
    raise app_exc from app_exc.__cause__ or app_exc.__context__
  File "C:\Users\Avinash K\Documents\Projects\StartupPilot AI\backend\venv\Lib\site-packages\starlette\middleware\base.py", line 144, in coro
    await self.app(scope, receive_or_disconnect, send_no_error)
  File "C:\Users\Avinash K\Documents\Projects\StartupPilot AI\backend\venv\Lib\site-packages\starlette\middleware\exceptions.py", line 63, in __call__
    await wrap_app_handling_exceptions(self.app, conn)(scope, receive, send)
  File "C:\Users\Avinash K\Documents\Projects\StartupPilot AI\backend\venv\Lib\site-packages\starlette\_exception_handler.py", line 53, in wrapped_app
    raise exc
  File "C:\Users\Avinash K\Documents\Projects\StartupPilot AI\backend\venv\Lib\site-packages\starlette\_exception_handler.py", line 42, in wrapped_app
    await app(scope, receive, sender)
  File "C:\Users\Avinash K\Documents\Projects\StartupPilot AI\backend\venv\Lib\site-packages\fastapi\middleware\asyncexitstack.py", line 18, in __call__
    await self.app(scope, receive, send)
  File "C:\Users\Avinash K\Documents\Projects\StartupPilot AI\backend\venv\Lib\site-packages\starlette\routing.py", line 660, in __call__
    await self.middleware_stack(scope, receive, send)
  File "C:\Users\Avinash K\Documents\Projects\StartupPilot AI\backend\venv\Lib\site-packages\fastapi\routing.py", line 2531, in app
    await route.handle(scope, receive, send)
  File "C:\Users\Avinash K\Documents\Projects\StartupPilot AI\backend\venv\Lib\site-packages\fastapi\routing.py", line 1700, in handle
    await self.original_router.handle(scope, receive, send)
  File "C:\Users\Avinash K\Documents\Projects\StartupPilot AI\backend\venv\Lib\site-packages\fastapi\routing.py", line 2586, in handle
    await included_router._handle_selected(scope, receive, send)
  File "C:\Users\Avinash K\Documents\Projects\StartupPilot AI\backend\venv\Lib\site-packages\fastapi\routing.py", line 1720, in _handle_selected
    await original_route.handle(scope, receive, send)
  File "C:\Users\Avinash K\Documents\Projects\StartupPilot AI\backend\venv\Lib\site-packages\fastapi\routing.py", line 1239, in handle
    await app(scope, receive, send)
  File "C:\Users\Avinash K\Documents\Projects\StartupPilot AI\backend\venv\Lib\site-packages\fastapi\routing.py", line 150, in app
    await wrap_app_handling_exceptions(app, request)(scope, receive, send)
  File "C:\Users\Avinash K\Documents\Projects\StartupPilot AI\backend\venv\Lib\site-packages\starlette\_exception_handler.py", line 53, in wrapped_app
    raise exc
  File "C:\Users\Avinash K\Documents\Projects\StartupPilot AI\backend\venv\Lib\site-packages\starlette\_exception_handler.py", line 42, in wrapped_app
    await app(scope, receive, sender)
  File "C:\Users\Avinash K\Documents\Projects\StartupPilot AI\backend\venv\Lib\site-packages\fastapi\routing.py", line 136, in app
    response = await f(request)
               ^^^^^^^^^^^^^^^^
  File "C:\Users\Avinash K\Documents\Projects\StartupPilot AI\backend\venv\Lib\site-packages\fastapi\routing.py", line 690, in app
    raw_response = await run_endpoint_function(
                   ^^^^^^^^^^^^^^^^^^^^^^^^^^^^
    ...<3 lines>...
    )
    ^
  File "C:\Users\Avinash K\Documents\Projects\StartupPilot AI\backend\venv\Lib\site-packages\fastapi\routing.py", line 344, in run_endpoint_function
    return await dependant.call(**values)
           ^^^^^^^^^^^^^^^^^^^^^^^^^^^^^^
  File "C:\Users\Avinash K\Documents\Projects\StartupPilot AI\backend\api\settings.py", line 103, in update_settings
    user_id = current_user["id"]
              ~~~~~~~~~~~~^^^^^^
TypeError: 'User' object is not subscriptable

PUT /api/v1/settings
Traceback (most recent call last):
  File "C:\Users\Avinash K\Documents\Projects\StartupPilot AI\backend\api\exception_middleware.py", line 11, in dispatch
    return await call_next(request)
           ^^^^^^^^^^^^^^^^^^^^^^^^
  File "C:\Users\Avinash K\Documents\Projects\StartupPilot AI\backend\venv\Lib\site-packages\starlette\middleware\base.py", line 168, in call_next
    raise app_exc from app_exc.__cause__ or app_exc.__context__
  File "C:\Users\Avinash K\Documents\Projects\StartupPilot AI\backend\venv\Lib\site-packages\starlette\middleware\base.py", line 144, in coro
    await self.app(scope, receive_or_disconnect, send_no_error)
  File "C:\Users\Avinash K\Documents\Projects\StartupPilot AI\backend\venv\Lib\site-packages\starlette\middleware\exceptions.py", line 63, in __call__
    await wrap_app_handling_exceptions(self.app, conn)(scope, receive, send)
  File "C:\Users\Avinash K\Documents\Projects\StartupPilot AI\backend\venv\Lib\site-packages\starlette\_exception_handler.py", line 53, in wrapped_app
    raise exc
  File "C:\Users\Avinash K\Documents\Projects\StartupPilot AI\backend\venv\Lib\site-packages\starlette\_exception_handler.py", line 42, in wrapped_app
    await app(scope, receive, sender)
  File "C:\Users\Avinash K\Documents\Projects\StartupPilot AI\backend\venv\Lib\site-packages\fastapi\middleware\asyncexitstack.py", line 18, in __call__
    await self.app(scope, receive, send)
  File "C:\Users\Avinash K\Documents\Projects\StartupPilot AI\backend\venv\Lib\site-packages\starlette\routing.py", line 660, in __call__
    await self.middleware_stack(scope, receive, send)
  File "C:\Users\Avinash K\Documents\Projects\StartupPilot AI\backend\venv\Lib\site-packages\fastapi\routing.py", line 2531, in app
    await route.handle(scope, receive, send)
  File "C:\Users\Avinash K\Documents\Projects\StartupPilot AI\backend\venv\Lib\site-packages\fastapi\routing.py", line 1700, in handle
    await self.original_router.handle(scope, receive, send)
  File "C:\Users\Avinash K\Documents\Projects\StartupPilot AI\backend\venv\Lib\site-packages\fastapi\routing.py", line 2586, in handle
    await included_router._handle_selected(scope, receive, send)
  File "C:\Users\Avinash K\Documents\Projects\StartupPilot AI\backend\venv\Lib\site-packages\fastapi\routing.py", line 1720, in _handle_selected
    await original_route.handle(scope, receive, send)
  File "C:\Users\Avinash K\Documents\Projects\StartupPilot AI\backend\venv\Lib\site-packages\fastapi\routing.py", line 1239, in handle
    await app(scope, receive, send)
  File "C:\Users\Avinash K\Documents\Projects\StartupPilot AI\backend\venv\Lib\site-packages\fastapi\routing.py", line 150, in app
    await wrap_app_handling_exceptions(app, request)(scope, receive, send)
  File "C:\Users\Avinash K\Documents\Projects\StartupPilot AI\backend\venv\Lib\site-packages\starlette\_exception_handler.py", line 53, in wrapped_app
    raise exc
  File "C:\Users\Avinash K\Documents\Projects\StartupPilot AI\backend\venv\Lib\site-packages\starlette\_exception_handler.py", line 42, in wrapped_app
    await app(scope, receive, sender)
  File "C:\Users\Avinash K\Documents\Projects\StartupPilot AI\backend\venv\Lib\site-packages\fastapi\routing.py", line 136, in app
    response = await f(request)
               ^^^^^^^^^^^^^^^^
  File "C:\Users\Avinash K\Documents\Projects\StartupPilot AI\backend\venv\Lib\site-packages\fastapi\routing.py", line 690, in app
    raw_response = await run_endpoint_function(
                   ^^^^^^^^^^^^^^^^^^^^^^^^^^^^
    ...<3 lines>...
    )
    ^
  File "C:\Users\Avinash K\Documents\Projects\StartupPilot AI\backend\venv\Lib\site-packages\fastapi\routing.py", line 344, in run_endpoint_function
    return await dependant.call(**values)
           ^^^^^^^^^^^^^^^^^^^^^^^^^^^^^^
  File "C:\Users\Avinash K\Documents\Projects\StartupPilot AI\backend\api\settings.py", line 103, in update_settings
    user_id = current_user["id"]
              ~~~~~~~~~~~~^^^^^^
TypeError: 'User' object is not subscriptable

GET /api/v1/settings
Traceback (most recent call last):
  File "C:\Users\Avinash K\Documents\Projects\StartupPilot AI\backend\api\exception_middleware.py", line 11, in dispatch
    return await call_next(request)
           ^^^^^^^^^^^^^^^^^^^^^^^^
  File "C:\Users\Avinash K\Documents\Projects\StartupPilot AI\backend\venv\Lib\site-packages\starlette\middleware\base.py", line 168, in call_next
    raise app_exc from app_exc.__cause__ or app_exc.__context__
  File "C:\Users\Avinash K\Documents\Projects\StartupPilot AI\backend\venv\Lib\site-packages\starlette\middleware\base.py", line 144, in coro
    await self.app(scope, receive_or_disconnect, send_no_error)
  File "C:\Users\Avinash K\Documents\Projects\StartupPilot AI\backend\venv\Lib\site-packages\starlette\middleware\exceptions.py", line 63, in __call__
    await wrap_app_handling_exceptions(self.app, conn)(scope, receive, send)
  File "C:\Users\Avinash K\Documents\Projects\StartupPilot AI\backend\venv\Lib\site-packages\starlette\_exception_handler.py", line 53, in wrapped_app
    raise exc
  File "C:\Users\Avinash K\Documents\Projects\StartupPilot AI\backend\venv\Lib\site-packages\starlette\_exception_handler.py", line 42, in wrapped_app
    await app(scope, receive, sender)
  File "C:\Users\Avinash K\Documents\Projects\StartupPilot AI\backend\venv\Lib\site-packages\fastapi\middleware\asyncexitstack.py", line 18, in __call__
    await self.app(scope, receive, send)
  File "C:\Users\Avinash K\Documents\Projects\StartupPilot AI\backend\venv\Lib\site-packages\starlette\routing.py", line 660, in __call__
    await self.middleware_stack(scope, receive, send)
  File "C:\Users\Avinash K\Documents\Projects\StartupPilot AI\backend\venv\Lib\site-packages\fastapi\routing.py", line 2531, in app
    await route.handle(scope, receive, send)
  File "C:\Users\Avinash K\Documents\Projects\StartupPilot AI\backend\venv\Lib\site-packages\fastapi\routing.py", line 1700, in handle
    await self.original_router.handle(scope, receive, send)
  File "C:\Users\Avinash K\Documents\Projects\StartupPilot AI\backend\venv\Lib\site-packages\fastapi\routing.py", line 2586, in handle
    await included_router._handle_selected(scope, receive, send)
  File "C:\Users\Avinash K\Documents\Projects\StartupPilot AI\backend\venv\Lib\site-packages\fastapi\routing.py", line 1720, in _handle_selected
    await original_route.handle(scope, receive, send)
  File "C:\Users\Avinash K\Documents\Projects\StartupPilot AI\backend\venv\Lib\site-packages\fastapi\routing.py", line 1239, in handle
    await app(scope, receive, send)
  File "C:\Users\Avinash K\Documents\Projects\StartupPilot AI\backend\venv\Lib\site-packages\fastapi\routing.py", line 150, in app
    await wrap_app_handling_exceptions(app, request)(scope, receive, send)
  File "C:\Users\Avinash K\Documents\Projects\StartupPilot AI\backend\venv\Lib\site-packages\starlette\_exception_handler.py", line 53, in wrapped_app
    raise exc
  File "C:\Users\Avinash K\Documents\Projects\StartupPilot AI\backend\venv\Lib\site-packages\starlette\_exception_handler.py", line 42, in wrapped_app
    await app(scope, receive, sender)
  File "C:\Users\Avinash K\Documents\Projects\StartupPilot AI\backend\venv\Lib\site-packages\fastapi\routing.py", line 136, in app
    response = await f(request)
               ^^^^^^^^^^^^^^^^
  File "C:\Users\Avinash K\Documents\Projects\StartupPilot AI\backend\venv\Lib\site-packages\fastapi\routing.py", line 690, in app
    raw_response = await run_endpoint_function(
                   ^^^^^^^^^^^^^^^^^^^^^^^^^^^^
    ...<3 lines>...
    )
    ^
  File "C:\Users\Avinash K\Documents\Projects\StartupPilot AI\backend\venv\Lib\site-packages\fastapi\routing.py", line 344, in run_endpoint_function
    return await dependant.call(**values)
           ^^^^^^^^^^^^^^^^^^^^^^^^^^^^^^
  File "C:\Users\Avinash K\Documents\Projects\StartupPilot AI\backend\api\settings.py", line 64, in get_settings
    user_id = current_user["id"]
              ~~~~~~~~~~~~^^^^^^
TypeError: 'User' object is not subscriptable

GET /api/v1/settings
Traceback (most recent call last):
  File "C:\Users\Avinash K\Documents\Projects\StartupPilot AI\backend\api\exception_middleware.py", line 11, in dispatch
    return await call_next(request)
           ^^^^^^^^^^^^^^^^^^^^^^^^
  File "C:\Users\Avinash K\Documents\Projects\StartupPilot AI\backend\venv\Lib\site-packages\starlette\middleware\base.py", line 168, in call_next
    raise app_exc from app_exc.__cause__ or app_exc.__context__
  File "C:\Users\Avinash K\Documents\Projects\StartupPilot AI\backend\venv\Lib\site-packages\starlette\middleware\base.py", line 144, in coro
    await self.app(scope, receive_or_disconnect, send_no_error)
  File "C:\Users\Avinash K\Documents\Projects\StartupPilot AI\backend\venv\Lib\site-packages\starlette\middleware\exceptions.py", line 63, in __call__
    await wrap_app_handling_exceptions(self.app, conn)(scope, receive, send)
  File "C:\Users\Avinash K\Documents\Projects\StartupPilot AI\backend\venv\Lib\site-packages\starlette\_exception_handler.py", line 53, in wrapped_app
    raise exc
  File "C:\Users\Avinash K\Documents\Projects\StartupPilot AI\backend\venv\Lib\site-packages\starlette\_exception_handler.py", line 42, in wrapped_app
    await app(scope, receive, sender)
  File "C:\Users\Avinash K\Documents\Projects\StartupPilot AI\backend\venv\Lib\site-packages\fastapi\middleware\asyncexitstack.py", line 18, in __call__
    await self.app(scope, receive, send)
  File "C:\Users\Avinash K\Documents\Projects\StartupPilot AI\backend\venv\Lib\site-packages\starlette\routing.py", line 660, in __call__
    await self.middleware_stack(scope, receive, send)
  File "C:\Users\Avinash K\Documents\Projects\StartupPilot AI\backend\venv\Lib\site-packages\fastapi\routing.py", line 2531, in app
    await route.handle(scope, receive, send)
  File "C:\Users\Avinash K\Documents\Projects\StartupPilot AI\backend\venv\Lib\site-packages\fastapi\routing.py", line 1700, in handle
    await self.original_router.handle(scope, receive, send)
  File "C:\Users\Avinash K\Documents\Projects\StartupPilot AI\backend\venv\Lib\site-packages\fastapi\routing.py", line 2586, in handle
    await included_router._handle_selected(scope, receive, send)
  File "C:\Users\Avinash K\Documents\Projects\StartupPilot AI\backend\venv\Lib\site-packages\fastapi\routing.py", line 1720, in _handle_selected
    await original_route.handle(scope, receive, send)
  File "C:\Users\Avinash K\Documents\Projects\StartupPilot AI\backend\venv\Lib\site-packages\fastapi\routing.py", line 1239, in handle
    await app(scope, receive, send)
  File "C:\Users\Avinash K\Documents\Projects\StartupPilot AI\backend\venv\Lib\site-packages\fastapi\routing.py", line 150, in app
    await wrap_app_handling_exceptions(app, request)(scope, receive, send)
  File "C:\Users\Avinash K\Documents\Projects\StartupPilot AI\backend\venv\Lib\site-packages\starlette\_exception_handler.py", line 53, in wrapped_app
    raise exc
  File "C:\Users\Avinash K\Documents\Projects\StartupPilot AI\backend\venv\Lib\site-packages\starlette\_exception_handler.py", line 42, in wrapped_app
    await app(scope, receive, sender)
  File "C:\Users\Avinash K\Documents\Projects\StartupPilot AI\backend\venv\Lib\site-packages\fastapi\routing.py", line 136, in app
    response = await f(request)
               ^^^^^^^^^^^^^^^^
  File "C:\Users\Avinash K\Documents\Projects\StartupPilot AI\backend\venv\Lib\site-packages\fastapi\routing.py", line 690, in app
    raw_response = await run_endpoint_function(
                   ^^^^^^^^^^^^^^^^^^^^^^^^^^^^
    ...<3 lines>...
    )
    ^
  File "C:\Users\Avinash K\Documents\Projects\StartupPilot AI\backend\venv\Lib\site-packages\fastapi\routing.py", line 344, in run_endpoint_function
    return await dependant.call(**values)
           ^^^^^^^^^^^^^^^^^^^^^^^^^^^^^^
  File "C:\Users\Avinash K\Documents\Projects\StartupPilot AI\backend\api\settings.py", line 64, in get_settings
    user_id = current_user["id"]
              ~~~~~~~~~~~~^^^^^^
TypeError: 'User' object is not subscriptable

GET /api/v1/settings
Traceback (most recent call last):
  File "C:\Users\Avinash K\Documents\Projects\StartupPilot AI\backend\api\exception_middleware.py", line 11, in dispatch
    return await call_next(request)
           ^^^^^^^^^^^^^^^^^^^^^^^^
  File "C:\Users\Avinash K\Documents\Projects\StartupPilot AI\backend\venv\Lib\site-packages\starlette\middleware\base.py", line 168, in call_next
    raise app_exc from app_exc.__cause__ or app_exc.__context__
  File "C:\Users\Avinash K\Documents\Projects\StartupPilot AI\backend\venv\Lib\site-packages\starlette\middleware\base.py", line 144, in coro
    await self.app(scope, receive_or_disconnect, send_no_error)
  File "C:\Users\Avinash K\Documents\Projects\StartupPilot AI\backend\venv\Lib\site-packages\starlette\middleware\exceptions.py", line 63, in __call__
    await wrap_app_handling_exceptions(self.app, conn)(scope, receive, send)
  File "C:\Users\Avinash K\Documents\Projects\StartupPilot AI\backend\venv\Lib\site-packages\starlette\_exception_handler.py", line 53, in wrapped_app
    raise exc
  File "C:\Users\Avinash K\Documents\Projects\StartupPilot AI\backend\venv\Lib\site-packages\starlette\_exception_handler.py", line 42, in wrapped_app
    await app(scope, receive, sender)
  File "C:\Users\Avinash K\Documents\Projects\StartupPilot AI\backend\venv\Lib\site-packages\fastapi\middleware\asyncexitstack.py", line 18, in __call__
    await self.app(scope, receive, send)
  File "C:\Users\Avinash K\Documents\Projects\StartupPilot AI\backend\venv\Lib\site-packages\starlette\routing.py", line 660, in __call__
    await self.middleware_stack(scope, receive, send)
  File "C:\Users\Avinash K\Documents\Projects\StartupPilot AI\backend\venv\Lib\site-packages\fastapi\routing.py", line 2531, in app
    await route.handle(scope, receive, send)
  File "C:\Users\Avinash K\Documents\Projects\StartupPilot AI\backend\venv\Lib\site-packages\fastapi\routing.py", line 1700, in handle
    await self.original_router.handle(scope, receive, send)
  File "C:\Users\Avinash K\Documents\Projects\StartupPilot AI\backend\venv\Lib\site-packages\fastapi\routing.py", line 2586, in handle
    await included_router._handle_selected(scope, receive, send)
  File "C:\Users\Avinash K\Documents\Projects\StartupPilot AI\backend\venv\Lib\site-packages\fastapi\routing.py", line 1720, in _handle_selected
    await original_route.handle(scope, receive, send)
  File "C:\Users\Avinash K\Documents\Projects\StartupPilot AI\backend\venv\Lib\site-packages\fastapi\routing.py", line 1239, in handle
    await app(scope, receive, send)
  File "C:\Users\Avinash K\Documents\Projects\StartupPilot AI\backend\venv\Lib\site-packages\fastapi\routing.py", line 150, in app
    await wrap_app_handling_exceptions(app, request)(scope, receive, send)
  File "C:\Users\Avinash K\Documents\Projects\StartupPilot AI\backend\venv\Lib\site-packages\starlette\_exception_handler.py", line 53, in wrapped_app
    raise exc
  File "C:\Users\Avinash K\Documents\Projects\StartupPilot AI\backend\venv\Lib\site-packages\starlette\_exception_handler.py", line 42, in wrapped_app
    await app(scope, receive, sender)
  File "C:\Users\Avinash K\Documents\Projects\StartupPilot AI\backend\venv\Lib\site-packages\fastapi\routing.py", line 136, in app
    response = await f(request)
               ^^^^^^^^^^^^^^^^
  File "C:\Users\Avinash K\Documents\Projects\StartupPilot AI\backend\venv\Lib\site-packages\fastapi\routing.py", line 690, in app
    raw_response = await run_endpoint_function(
                   ^^^^^^^^^^^^^^^^^^^^^^^^^^^^
    ...<3 lines>...
    )
    ^
  File "C:\Users\Avinash K\Documents\Projects\StartupPilot AI\backend\venv\Lib\site-packages\fastapi\routing.py", line 344, in run_endpoint_function
    return await dependant.call(**values)
           ^^^^^^^^^^^^^^^^^^^^^^^^^^^^^^
  File "C:\Users\Avinash K\Documents\Projects\StartupPilot AI\backend\api\settings.py", line 64, in get_settings
    user_id = current_user["id"]
              ~~~~~~~~~~~~^^^^^^
TypeError: 'User' object is not subscriptable

PUT /api/v1/settings
Traceback (most recent call last):
  File "C:\Users\Avinash K\Documents\Projects\StartupPilot AI\backend\api\exception_middleware.py", line 11, in dispatch
    return await call_next(request)
           ^^^^^^^^^^^^^^^^^^^^^^^^
  File "C:\Users\Avinash K\Documents\Projects\StartupPilot AI\backend\venv\Lib\site-packages\starlette\middleware\base.py", line 168, in call_next
    raise app_exc from app_exc.__cause__ or app_exc.__context__
  File "C:\Users\Avinash K\Documents\Projects\StartupPilot AI\backend\venv\Lib\site-packages\starlette\middleware\base.py", line 144, in coro
    await self.app(scope, receive_or_disconnect, send_no_error)
  File "C:\Users\Avinash K\Documents\Projects\StartupPilot AI\backend\venv\Lib\site-packages\starlette\middleware\exceptions.py", line 63, in __call__
    await wrap_app_handling_exceptions(self.app, conn)(scope, receive, send)
  File "C:\Users\Avinash K\Documents\Projects\StartupPilot AI\backend\venv\Lib\site-packages\starlette\_exception_handler.py", line 53, in wrapped_app
    raise exc
  File "C:\Users\Avinash K\Documents\Projects\StartupPilot AI\backend\venv\Lib\site-packages\starlette\_exception_handler.py", line 42, in wrapped_app
    await app(scope, receive, sender)
  File "C:\Users\Avinash K\Documents\Projects\StartupPilot AI\backend\venv\Lib\site-packages\fastapi\middleware\asyncexitstack.py", line 18, in __call__
    await self.app(scope, receive, send)
  File "C:\Users\Avinash K\Documents\Projects\StartupPilot AI\backend\venv\Lib\site-packages\starlette\routing.py", line 660, in __call__
    await self.middleware_stack(scope, receive, send)
  File "C:\Users\Avinash K\Documents\Projects\StartupPilot AI\backend\venv\Lib\site-packages\fastapi\routing.py", line 2531, in app
    await route.handle(scope, receive, send)
  File "C:\Users\Avinash K\Documents\Projects\StartupPilot AI\backend\venv\Lib\site-packages\fastapi\routing.py", line 1700, in handle
    await self.original_router.handle(scope, receive, send)
  File "C:\Users\Avinash K\Documents\Projects\StartupPilot AI\backend\venv\Lib\site-packages\fastapi\routing.py", line 2586, in handle
    await included_router._handle_selected(scope, receive, send)
  File "C:\Users\Avinash K\Documents\Projects\StartupPilot AI\backend\venv\Lib\site-packages\fastapi\routing.py", line 1720, in _handle_selected
    await original_route.handle(scope, receive, send)
  File "C:\Users\Avinash K\Documents\Projects\StartupPilot AI\backend\venv\Lib\site-packages\fastapi\routing.py", line 1239, in handle
    await app(scope, receive, send)
  File "C:\Users\Avinash K\Documents\Projects\StartupPilot AI\backend\venv\Lib\site-packages\fastapi\routing.py", line 150, in app
    await wrap_app_handling_exceptions(app, request)(scope, receive, send)
  File "C:\Users\Avinash K\Documents\Projects\StartupPilot AI\backend\venv\Lib\site-packages\starlette\_exception_handler.py", line 53, in wrapped_app
    raise exc
  File "C:\Users\Avinash K\Documents\Projects\StartupPilot AI\backend\venv\Lib\site-packages\starlette\_exception_handler.py", line 42, in wrapped_app
    await app(scope, receive, sender)
  File "C:\Users\Avinash K\Documents\Projects\StartupPilot AI\backend\venv\Lib\site-packages\fastapi\routing.py", line 136, in app
    response = await f(request)
               ^^^^^^^^^^^^^^^^
  File "C:\Users\Avinash K\Documents\Projects\StartupPilot AI\backend\venv\Lib\site-packages\fastapi\routing.py", line 690, in app
    raw_response = await run_endpoint_function(
                   ^^^^^^^^^^^^^^^^^^^^^^^^^^^^
    ...<3 lines>...
    )
    ^
  File "C:\Users\Avinash K\Documents\Projects\StartupPilot AI\backend\venv\Lib\site-packages\fastapi\routing.py", line 344, in run_endpoint_function
    return await dependant.call(**values)
           ^^^^^^^^^^^^^^^^^^^^^^^^^^^^^^
  File "C:\Users\Avinash K\Documents\Projects\StartupPilot AI\backend\api\settings.py", line 103, in update_settings
    user_id = current_user["id"]
              ~~~~~~~~~~~~^^^^^^
TypeError: 'User' object is not subscriptable

PUT /api/v1/settings
Traceback (most recent call last):
  File "C:\Users\Avinash K\Documents\Projects\StartupPilot AI\backend\api\exception_middleware.py", line 11, in dispatch
    return await call_next(request)
           ^^^^^^^^^^^^^^^^^^^^^^^^
  File "C:\Users\Avinash K\Documents\Projects\StartupPilot AI\backend\venv\Lib\site-packages\starlette\middleware\base.py", line 168, in call_next
    raise app_exc from app_exc.__cause__ or app_exc.__context__
  File "C:\Users\Avinash K\Documents\Projects\StartupPilot AI\backend\venv\Lib\site-packages\starlette\middleware\base.py", line 144, in coro
    await self.app(scope, receive_or_disconnect, send_no_error)
  File "C:\Users\Avinash K\Documents\Projects\StartupPilot AI\backend\venv\Lib\site-packages\starlette\middleware\exceptions.py", line 63, in __call__
    await wrap_app_handling_exceptions(self.app, conn)(scope, receive, send)
  File "C:\Users\Avinash K\Documents\Projects\StartupPilot AI\backend\venv\Lib\site-packages\starlette\_exception_handler.py", line 53, in wrapped_app
    raise exc
  File "C:\Users\Avinash K\Documents\Projects\StartupPilot AI\backend\venv\Lib\site-packages\starlette\_exception_handler.py", line 42, in wrapped_app
    await app(scope, receive, sender)
  File "C:\Users\Avinash K\Documents\Projects\StartupPilot AI\backend\venv\Lib\site-packages\fastapi\middleware\asyncexitstack.py", line 18, in __call__
    await self.app(scope, receive, send)
  File "C:\Users\Avinash K\Documents\Projects\StartupPilot AI\backend\venv\Lib\site-packages\starlette\routing.py", line 660, in __call__
    await self.middleware_stack(scope, receive, send)
  File "C:\Users\Avinash K\Documents\Projects\StartupPilot AI\backend\venv\Lib\site-packages\fastapi\routing.py", line 2531, in app
    await route.handle(scope, receive, send)
  File "C:\Users\Avinash K\Documents\Projects\StartupPilot AI\backend\venv\Lib\site-packages\fastapi\routing.py", line 1700, in handle
    await self.original_router.handle(scope, receive, send)
  File "C:\Users\Avinash K\Documents\Projects\StartupPilot AI\backend\venv\Lib\site-packages\fastapi\routing.py", line 2586, in handle
    await included_router._handle_selected(scope, receive, send)
  File "C:\Users\Avinash K\Documents\Projects\StartupPilot AI\backend\venv\Lib\site-packages\fastapi\routing.py", line 1720, in _handle_selected
    await original_route.handle(scope, receive, send)
  File "C:\Users\Avinash K\Documents\Projects\StartupPilot AI\backend\venv\Lib\site-packages\fastapi\routing.py", line 1239, in handle
    await app(scope, receive, send)
  File "C:\Users\Avinash K\Documents\Projects\StartupPilot AI\backend\venv\Lib\site-packages\fastapi\routing.py", line 150, in app
    await wrap_app_handling_exceptions(app, request)(scope, receive, send)
  File "C:\Users\Avinash K\Documents\Projects\StartupPilot AI\backend\venv\Lib\site-packages\starlette\_exception_handler.py", line 53, in wrapped_app
    raise exc
  File "C:\Users\Avinash K\Documents\Projects\StartupPilot AI\backend\venv\Lib\site-packages\starlette\_exception_handler.py", line 42, in wrapped_app
    await app(scope, receive, sender)
  File "C:\Users\Avinash K\Documents\Projects\StartupPilot AI\backend\venv\Lib\site-packages\fastapi\routing.py", line 136, in app
    response = await f(request)
               ^^^^^^^^^^^^^^^^
  File "C:\Users\Avinash K\Documents\Projects\StartupPilot AI\backend\venv\Lib\site-packages\fastapi\routing.py", line 690, in app
    raw_response = await run_endpoint_function(
                   ^^^^^^^^^^^^^^^^^^^^^^^^^^^^
    ...<3 lines>...
    )
    ^
  File "C:\Users\Avinash K\Documents\Projects\StartupPilot AI\backend\venv\Lib\site-packages\fastapi\routing.py", line 344, in run_endpoint_function
    return await dependant.call(**values)
           ^^^^^^^^^^^^^^^^^^^^^^^^^^^^^^
  File "C:\Users\Avinash K\Documents\Projects\StartupPilot AI\backend\api\settings.py", line 103, in update_settings
    user_id = current_user["id"]
              ~~~~~~~~~~~~^^^^^^
TypeError: 'User' object is not subscriptable

PUT /api/v1/settings
Traceback (most recent call last):
  File "C:\Users\Avinash K\Documents\Projects\StartupPilot AI\backend\api\exception_middleware.py", line 11, in dispatch
    return await call_next(request)
           ^^^^^^^^^^^^^^^^^^^^^^^^
  File "C:\Users\Avinash K\Documents\Projects\StartupPilot AI\backend\venv\Lib\site-packages\starlette\middleware\base.py", line 168, in call_next
    raise app_exc from app_exc.__cause__ or app_exc.__context__
  File "C:\Users\Avinash K\Documents\Projects\StartupPilot AI\backend\venv\Lib\site-packages\starlette\middleware\base.py", line 144, in coro
    await self.app(scope, receive_or_disconnect, send_no_error)
  File "C:\Users\Avinash K\Documents\Projects\StartupPilot AI\backend\venv\Lib\site-packages\starlette\middleware\exceptions.py", line 63, in __call__
    await wrap_app_handling_exceptions(self.app, conn)(scope, receive, send)
  File "C:\Users\Avinash K\Documents\Projects\StartupPilot AI\backend\venv\Lib\site-packages\starlette\_exception_handler.py", line 53, in wrapped_app
    raise exc
  File "C:\Users\Avinash K\Documents\Projects\StartupPilot AI\backend\venv\Lib\site-packages\starlette\_exception_handler.py", line 42, in wrapped_app
    await app(scope, receive, sender)
  File "C:\Users\Avinash K\Documents\Projects\StartupPilot AI\backend\venv\Lib\site-packages\fastapi\middleware\asyncexitstack.py", line 18, in __call__
    await self.app(scope, receive, send)
  File "C:\Users\Avinash K\Documents\Projects\StartupPilot AI\backend\venv\Lib\site-packages\starlette\routing.py", line 660, in __call__
    await self.middleware_stack(scope, receive, send)
  File "C:\Users\Avinash K\Documents\Projects\StartupPilot AI\backend\venv\Lib\site-packages\fastapi\routing.py", line 2531, in app
    await route.handle(scope, receive, send)
  File "C:\Users\Avinash K\Documents\Projects\StartupPilot AI\backend\venv\Lib\site-packages\fastapi\routing.py", line 1700, in handle
    await self.original_router.handle(scope, receive, send)
  File "C:\Users\Avinash K\Documents\Projects\StartupPilot AI\backend\venv\Lib\site-packages\fastapi\routing.py", line 2586, in handle
    await included_router._handle_selected(scope, receive, send)
  File "C:\Users\Avinash K\Documents\Projects\StartupPilot AI\backend\venv\Lib\site-packages\fastapi\routing.py", line 1720, in _handle_selected
    await original_route.handle(scope, receive, send)
  File "C:\Users\Avinash K\Documents\Projects\StartupPilot AI\backend\venv\Lib\site-packages\fastapi\routing.py", line 1239, in handle
    await app(scope, receive, send)
  File "C:\Users\Avinash K\Documents\Projects\StartupPilot AI\backend\venv\Lib\site-packages\fastapi\routing.py", line 150, in app
    await wrap_app_handling_exceptions(app, request)(scope, receive, send)
  File "C:\Users\Avinash K\Documents\Projects\StartupPilot AI\backend\venv\Lib\site-packages\starlette\_exception_handler.py", line 53, in wrapped_app
    raise exc
  File "C:\Users\Avinash K\Documents\Projects\StartupPilot AI\backend\venv\Lib\site-packages\starlette\_exception_handler.py", line 42, in wrapped_app
    await app(scope, receive, sender)
  File "C:\Users\Avinash K\Documents\Projects\StartupPilot AI\backend\venv\Lib\site-packages\fastapi\routing.py", line 136, in app
    response = await f(request)
               ^^^^^^^^^^^^^^^^
  File "C:\Users\Avinash K\Documents\Projects\StartupPilot AI\backend\venv\Lib\site-packages\fastapi\routing.py", line 690, in app
    raw_response = await run_endpoint_function(
                   ^^^^^^^^^^^^^^^^^^^^^^^^^^^^
    ...<3 lines>...
    )
    ^
  File "C:\Users\Avinash K\Documents\Projects\StartupPilot AI\backend\venv\Lib\site-packages\fastapi\routing.py", line 344, in run_endpoint_function
    return await dependant.call(**values)
           ^^^^^^^^^^^^^^^^^^^^^^^^^^^^^^
  File "C:\Users\Avinash K\Documents\Projects\StartupPilot AI\backend\api\settings.py", line 103, in update_settings
    user_id = current_user["id"]
              ~~~~~~~~~~~~^^^^^^
TypeError: 'User' object is not subscriptable

PUT /api/v1/settings
Traceback (most recent call last):
  File "C:\Users\Avinash K\Documents\Projects\StartupPilot AI\backend\api\exception_middleware.py", line 11, in dispatch
    return await call_next(request)
           ^^^^^^^^^^^^^^^^^^^^^^^^
  File "C:\Users\Avinash K\Documents\Projects\StartupPilot AI\backend\venv\Lib\site-packages\starlette\middleware\base.py", line 168, in call_next
    raise app_exc from app_exc.__cause__ or app_exc.__context__
  File "C:\Users\Avinash K\Documents\Projects\StartupPilot AI\backend\venv\Lib\site-packages\starlette\middleware\base.py", line 144, in coro
    await self.app(scope, receive_or_disconnect, send_no_error)
  File "C:\Users\Avinash K\Documents\Projects\StartupPilot AI\backend\venv\Lib\site-packages\starlette\middleware\exceptions.py", line 63, in __call__
    await wrap_app_handling_exceptions(self.app, conn)(scope, receive, send)
  File "C:\Users\Avinash K\Documents\Projects\StartupPilot AI\backend\venv\Lib\site-packages\starlette\_exception_handler.py", line 53, in wrapped_app
    raise exc
  File "C:\Users\Avinash K\Documents\Projects\StartupPilot AI\backend\venv\Lib\site-packages\starlette\_exception_handler.py", line 42, in wrapped_app
    await app(scope, receive, sender)
  File "C:\Users\Avinash K\Documents\Projects\StartupPilot AI\backend\venv\Lib\site-packages\fastapi\middleware\asyncexitstack.py", line 18, in __call__
    await self.app(scope, receive, send)
  File "C:\Users\Avinash K\Documents\Projects\StartupPilot AI\backend\venv\Lib\site-packages\starlette\routing.py", line 660, in __call__
    await self.middleware_stack(scope, receive, send)
  File "C:\Users\Avinash K\Documents\Projects\StartupPilot AI\backend\venv\Lib\site-packages\fastapi\routing.py", line 2531, in app
    await route.handle(scope, receive, send)
  File "C:\Users\Avinash K\Documents\Projects\StartupPilot AI\backend\venv\Lib\site-packages\fastapi\routing.py", line 1700, in handle
    await self.original_router.handle(scope, receive, send)
  File "C:\Users\Avinash K\Documents\Projects\StartupPilot AI\backend\venv\Lib\site-packages\fastapi\routing.py", line 2586, in handle
    await included_router._handle_selected(scope, receive, send)
  File "C:\Users\Avinash K\Documents\Projects\StartupPilot AI\backend\venv\Lib\site-packages\fastapi\routing.py", line 1720, in _handle_selected
    await original_route.handle(scope, receive, send)
  File "C:\Users\Avinash K\Documents\Projects\StartupPilot AI\backend\venv\Lib\site-packages\fastapi\routing.py", line 1239, in handle
    await app(scope, receive, send)
  File "C:\Users\Avinash K\Documents\Projects\StartupPilot AI\backend\venv\Lib\site-packages\fastapi\routing.py", line 150, in app
    await wrap_app_handling_exceptions(app, request)(scope, receive, send)
  File "C:\Users\Avinash K\Documents\Projects\StartupPilot AI\backend\venv\Lib\site-packages\starlette\_exception_handler.py", line 53, in wrapped_app
    raise exc
  File "C:\Users\Avinash K\Documents\Projects\StartupPilot AI\backend\venv\Lib\site-packages\starlette\_exception_handler.py", line 42, in wrapped_app
    await app(scope, receive, sender)
  File "C:\Users\Avinash K\Documents\Projects\StartupPilot AI\backend\venv\Lib\site-packages\fastapi\routing.py", line 136, in app
    response = await f(request)
               ^^^^^^^^^^^^^^^^
  File "C:\Users\Avinash K\Documents\Projects\StartupPilot AI\backend\venv\Lib\site-packages\fastapi\routing.py", line 690, in app
    raw_response = await run_endpoint_function(
                   ^^^^^^^^^^^^^^^^^^^^^^^^^^^^
    ...<3 lines>...
    )
    ^
  File "C:\Users\Avinash K\Documents\Projects\StartupPilot AI\backend\venv\Lib\site-packages\fastapi\routing.py", line 344, in run_endpoint_function
    return await dependant.call(**values)
           ^^^^^^^^^^^^^^^^^^^^^^^^^^^^^^
  File "C:\Users\Avinash K\Documents\Projects\StartupPilot AI\backend\api\settings.py", line 103, in update_settings
    user_id = current_user["id"]
              ~~~~~~~~~~~~^^^^^^
TypeError: 'User' object is not subscriptable

